2022-05-11 01:20:16,769 [INFO] sqlalchemy.engine.Engine: BEGIN (implicit)
2022-05-11 01:20:16,774 [INFO] sqlalchemy.engine.Engine: SELECT users.is_active AS users_is_active, users.id AS users_id, users.email AS users_email, users.password AS users_password, users.balance AS users_balance, users.about AS users_about, users.authenticated AS users_authenticated, users.registered_on AS users_registered_on, users.is_admin AS users_is_admin 
FROM users 
WHERE users.email = ?
 LIMIT ? OFFSET ?
2022-05-11 01:20:16,775 [INFO] sqlalchemy.engine.Engine: [generated in 0.00086s] ('testtest@gmail.com', 1, 0)
2022-05-11 01:20:16,951 [INFO] sqlalchemy.engine.Engine: INSERT INTO users (email, password, balance, about, authenticated, registered_on) VALUES (?, ?, ?, ?, ?, ?)
2022-05-11 01:20:16,951 [INFO] sqlalchemy.engine.Engine: [generated in 0.00063s] ('testtest@gmail.com', 'pbkdf2:sha256:260000$rFjaK917Rl5Hhfbc$5dcc037bfb8f1ee9d48b2386a9c8f48237c8cf64496228e86e308a1c9ea0602c', 0.0, None, 0, '2022-05-11 01:20:16.950075')
2022-05-11 01:20:16,963 [INFO] sqlalchemy.engine.Engine: COMMIT
2022-05-11 01:20:17,002 [INFO] sqlalchemy.engine.Engine: BEGIN (implicit)
2022-05-11 01:20:17,004 [INFO] sqlalchemy.engine.Engine: SELECT users.is_active AS users_is_active, users.id AS users_id, users.email AS users_email, users.password AS users_password, users.balance AS users_balance, users.about AS users_about, users.authenticated AS users_authenticated, users.registered_on AS users_registered_on, users.is_admin AS users_is_admin 
FROM users 
WHERE users.id = ?
2022-05-11 01:20:17,005 [INFO] sqlalchemy.engine.Engine: [generated in 0.00097s] (1,)
2022-05-11 01:20:17,013 [INFO] sqlalchemy.engine.Engine: UPDATE users SET is_admin=? WHERE users.id = ?
2022-05-11 01:20:17,013 [INFO] sqlalchemy.engine.Engine: [generated in 0.00048s] (1, 1)
2022-05-11 01:20:17,023 [INFO] sqlalchemy.engine.Engine: COMMIT
2022-05-11 01:20:23,043 [INFO] sqlalchemy.engine.Engine: BEGIN (implicit)
2022-05-11 01:20:23,044 [INFO] sqlalchemy.engine.Engine: SELECT users.is_active AS users_is_active, users.id AS users_id, users.email AS users_email, users.password AS users_password, users.balance AS users_balance, users.about AS users_about, users.authenticated AS users_authenticated, users.registered_on AS users_registered_on, users.is_admin AS users_is_admin 
FROM users 
WHERE users.email = ?
 LIMIT ? OFFSET ?
2022-05-11 01:20:23,044 [INFO] sqlalchemy.engine.Engine: [cached since 6.27s ago] ('testtest@gmail.com', 1, 0)
2022-05-11 01:20:23,216 [INFO] sqlalchemy.engine.Engine: UPDATE users SET authenticated=? WHERE users.id = ?
2022-05-11 01:20:23,217 [INFO] sqlalchemy.engine.Engine: [generated in 0.00062s] (1, 1)
2022-05-11 01:20:23,225 [INFO] sqlalchemy.engine.Engine: COMMIT
2022-05-11 01:20:23,262 [INFO] sqlalchemy.engine.Engine: BEGIN (implicit)
2022-05-11 01:20:23,263 [INFO] sqlalchemy.engine.Engine: SELECT users.is_active AS users_is_active, users.id AS users_id, users.email AS users_email, users.password AS users_password, users.balance AS users_balance, users.about AS users_about, users.authenticated AS users_authenticated, users.registered_on AS users_registered_on, users.is_admin AS users_is_admin 
FROM users 
WHERE users.id = ?
2022-05-11 01:20:23,263 [INFO] sqlalchemy.engine.Engine: [cached since 6.259s ago] (1,)
2022-05-11 01:20:23,270 [INFO] sqlalchemy.engine.Engine: ROLLBACK
2022-05-11 01:20:23,286 [INFO] sqlalchemy.engine.Engine: BEGIN (implicit)
2022-05-11 01:20:23,287 [INFO] sqlalchemy.engine.Engine: SELECT users.is_active AS users_is_active, users.id AS users_id, users.email AS users_email, users.password AS users_password, users.balance AS users_balance, users.about AS users_about, users.authenticated AS users_authenticated, users.registered_on AS users_registered_on, users.is_admin AS users_is_admin 
FROM users 
WHERE users.id = ?
2022-05-11 01:20:23,288 [INFO] sqlalchemy.engine.Engine: [generated in 0.00044s] (1,)
2022-05-11 01:20:23,392 [INFO] sqlalchemy.engine.Engine: SELECT records.id AS records_id, records.amount AS records_amount, records.type AS records_type, records.user_id AS records_user_id 
FROM records 
WHERE ? = records.user_id
2022-05-11 01:20:23,393 [INFO] sqlalchemy.engine.Engine: [generated in 0.00064s] (1,)
2022-05-11 01:20:23,398 [INFO] sqlalchemy.engine.Engine: ROLLBACK
2022-05-11 01:21:11,321 [INFO] sqlalchemy.engine.Engine: BEGIN (implicit)
2022-05-11 01:21:11,326 [INFO] sqlalchemy.engine.Engine: SELECT users.is_active AS users_is_active, users.id AS users_id, users.email AS users_email, users.password AS users_password, users.balance AS users_balance, users.about AS users_about, users.authenticated AS users_authenticated, users.registered_on AS users_registered_on, users.is_admin AS users_is_admin 
FROM users 
WHERE users.id = ?
2022-05-11 01:21:11,326 [INFO] sqlalchemy.engine.Engine: [generated in 0.00055s] (1,)
2022-05-11 01:21:11,634 [INFO] sqlalchemy.engine.Engine: SELECT records.id AS records_id, records.amount AS records_amount, records.type AS records_type, records.user_id AS records_user_id 
FROM records 
WHERE ? = records.user_id
2022-05-11 01:21:11,635 [INFO] sqlalchemy.engine.Engine: [generated in 0.00067s] (1,)
2022-05-11 01:21:11,639 [INFO] sqlalchemy.engine.Engine: ROLLBACK
2022-05-11 01:21:14,560 [INFO] sqlalchemy.engine.Engine: BEGIN (implicit)
2022-05-11 01:21:14,561 [INFO] sqlalchemy.engine.Engine: SELECT users.is_active AS users_is_active, users.id AS users_id, users.email AS users_email, users.password AS users_password, users.balance AS users_balance, users.about AS users_about, users.authenticated AS users_authenticated, users.registered_on AS users_registered_on, users.is_admin AS users_is_admin 
FROM users 
WHERE users.id = ?
2022-05-11 01:21:14,561 [INFO] sqlalchemy.engine.Engine: [cached since 3.236s ago] (1,)
2022-05-11 01:21:14,587 [INFO] sqlalchemy.engine.Engine: ROLLBACK
2022-05-11 01:21:18,826 [INFO] sqlalchemy.engine.Engine: BEGIN (implicit)
2022-05-11 01:21:18,828 [INFO] sqlalchemy.engine.Engine: SELECT users.is_active AS users_is_active, users.id AS users_id, users.email AS users_email, users.password AS users_password, users.balance AS users_balance, users.about AS users_about, users.authenticated AS users_authenticated, users.registered_on AS users_registered_on, users.is_admin AS users_is_admin 
FROM users 
WHERE users.id = ?
2022-05-11 01:21:18,828 [INFO] sqlalchemy.engine.Engine: [cached since 7.503s ago] (1,)
2022-05-11 01:21:18,856 [INFO] sqlalchemy.engine.Engine: UPDATE users SET balance=? WHERE users.id = ?
2022-05-11 01:21:18,857 [INFO] sqlalchemy.engine.Engine: [generated in 0.00094s] (10601.01, 1)
2022-05-11 01:21:18,871 [INFO] sqlalchemy.engine.Engine: SELECT records.id AS records_id, records.amount AS records_amount, records.type AS records_type, records.user_id AS records_user_id 
FROM records 
WHERE ? = records.user_id
2022-05-11 01:21:18,871 [INFO] sqlalchemy.engine.Engine: [cached since 7.237s ago] (1,)
2022-05-11 01:21:18,878 [INFO] sqlalchemy.engine.Engine: INSERT INTO records (amount, type, user_id) VALUES (?, ?, ?)
2022-05-11 01:21:18,879 [INFO] sqlalchemy.engine.Engine: [generated in 0.00073s] (2000.01, 'CREDIT', 1)
2022-05-11 01:21:18,882 [INFO] sqlalchemy.engine.Engine: INSERT INTO records (amount, type, user_id) VALUES (?, ?, ?)
2022-05-11 01:21:18,882 [INFO] sqlalchemy.engine.Engine: [cached since 0.004479s ago] (2000.0, 'CREDIT', 1)
2022-05-11 01:21:18,883 [INFO] sqlalchemy.engine.Engine: INSERT INTO records (amount, type, user_id) VALUES (?, ?, ?)
2022-05-11 01:21:18,884 [INFO] sqlalchemy.engine.Engine: [cached since 0.005636s ago] (-100.0, 'DEBIT', 1)
2022-05-11 01:21:18,884 [INFO] sqlalchemy.engine.Engine: INSERT INTO records (amount, type, user_id) VALUES (?, ?, ?)
2022-05-11 01:21:18,885 [INFO] sqlalchemy.engine.Engine: [cached since 0.006856s ago] (200.0, 'CREDIT', 1)
2022-05-11 01:21:18,886 [INFO] sqlalchemy.engine.Engine: INSERT INTO records (amount, type, user_id) VALUES (?, ?, ?)
2022-05-11 01:21:18,886 [INFO] sqlalchemy.engine.Engine: [cached since 0.008406s ago] (200.0, 'CREDIT', 1)
2022-05-11 01:21:18,888 [INFO] sqlalchemy.engine.Engine: INSERT INTO records (amount, type, user_id) VALUES (?, ?, ?)
2022-05-11 01:21:18,889 [INFO] sqlalchemy.engine.Engine: [cached since 0.0108s ago] (200.0, 'CREDIT', 1)
2022-05-11 01:21:18,890 [INFO] sqlalchemy.engine.Engine: INSERT INTO records (amount, type, user_id) VALUES (?, ?, ?)
2022-05-11 01:21:18,891 [INFO] sqlalchemy.engine.Engine: [cached since 0.01264s ago] (-1000.0, 'DEBIT', 1)
2022-05-11 01:21:18,892 [INFO] sqlalchemy.engine.Engine: INSERT INTO records (amount, type, user_id) VALUES (?, ?, ?)
2022-05-11 01:21:18,892 [INFO] sqlalchemy.engine.Engine: [cached since 0.01422s ago] (200.0, 'CREDIT', 1)
2022-05-11 01:21:18,893 [INFO] sqlalchemy.engine.Engine: INSERT INTO records (amount, type, user_id) VALUES (?, ?, ?)
2022-05-11 01:21:18,894 [INFO] sqlalchemy.engine.Engine: [cached since 0.01563s ago] (1000.0, 'CREDIT', 1)
2022-05-11 01:21:18,895 [INFO] sqlalchemy.engine.Engine: INSERT INTO records (amount, type, user_id) VALUES (?, ?, ?)
2022-05-11 01:21:18,895 [INFO] sqlalchemy.engine.Engine: [cached since 0.01744s ago] (-100.0, 'DEBIT', 1)
2022-05-11 01:21:18,896 [INFO] sqlalchemy.engine.Engine: INSERT INTO records (amount, type, user_id) VALUES (?, ?, ?)
2022-05-11 01:21:18,897 [INFO] sqlalchemy.engine.Engine: [cached since 0.01864s ago] (100.0, 'CREDIT', 1)
2022-05-11 01:21:18,897 [INFO] sqlalchemy.engine.Engine: INSERT INTO records (amount, type, user_id) VALUES (?, ?, ?)
2022-05-11 01:21:18,898 [INFO] sqlalchemy.engine.Engine: [cached since 0.01982s ago] (1000.0, 'CREDIT', 1)
2022-05-11 01:21:18,898 [INFO] sqlalchemy.engine.Engine: INSERT INTO records (amount, type, user_id) VALUES (?, ?, ?)
2022-05-11 01:21:18,899 [INFO] sqlalchemy.engine.Engine: [cached since 0.02096s ago] (1000.0, 'CREDIT', 1)
2022-05-11 01:21:18,900 [INFO] sqlalchemy.engine.Engine: INSERT INTO records (amount, type, user_id) VALUES (?, ?, ?)
2022-05-11 01:21:18,900 [INFO] sqlalchemy.engine.Engine: [cached since 0.02254s ago] (-100.0, 'DEBIT', 1)
2022-05-11 01:21:18,901 [INFO] sqlalchemy.engine.Engine: INSERT INTO records (amount, type, user_id) VALUES (?, ?, ?)
2022-05-11 01:21:18,902 [INFO] sqlalchemy.engine.Engine: [cached since 0.02397s ago] (1000.0, 'CREDIT', 1)
2022-05-11 01:21:18,903 [INFO] sqlalchemy.engine.Engine: INSERT INTO records (amount, type, user_id) VALUES (?, ?, ?)
2022-05-11 01:21:18,903 [INFO] sqlalchemy.engine.Engine: [cached since 0.02539s ago] (100.0, 'CREDIT', 1)
2022-05-11 01:21:18,904 [INFO] sqlalchemy.engine.Engine: INSERT INTO records (amount, type, user_id) VALUES (?, ?, ?)
2022-05-11 01:21:18,904 [INFO] sqlalchemy.engine.Engine: [cached since 0.02633s ago] (-100.0, 'DEBIT', 1)
2022-05-11 01:21:18,905 [INFO] sqlalchemy.engine.Engine: INSERT INTO records (amount, type, user_id) VALUES (?, ?, ?)
2022-05-11 01:21:18,905 [INFO] sqlalchemy.engine.Engine: [cached since 0.02743s ago] (100.0, 'CREDIT', 1)
2022-05-11 01:21:18,906 [INFO] sqlalchemy.engine.Engine: INSERT INTO records (amount, type, user_id) VALUES (?, ?, ?)
2022-05-11 01:21:18,906 [INFO] sqlalchemy.engine.Engine: [cached since 0.02831s ago] (100.0, 'CREDIT', 1)
2022-05-11 01:21:18,907 [INFO] sqlalchemy.engine.Engine: INSERT INTO records (amount, type, user_id) VALUES (?, ?, ?)
2022-05-11 01:21:18,908 [INFO] sqlalchemy.engine.Engine: [cached since 0.03001s ago] (100.0, 'CREDIT', 1)
2022-05-11 01:21:18,909 [INFO] sqlalchemy.engine.Engine: INSERT INTO records (amount, type, user_id) VALUES (?, ?, ?)
2022-05-11 01:21:18,909 [INFO] sqlalchemy.engine.Engine: [cached since 0.03145s ago] (-100.0, 'DEBIT', 1)
2022-05-11 01:21:18,910 [INFO] sqlalchemy.engine.Engine: INSERT INTO records (amount, type, user_id) VALUES (?, ?, ?)
2022-05-11 01:21:18,911 [INFO] sqlalchemy.engine.Engine: [cached since 0.03258s ago] (100.0, 'CREDIT', 1)
2022-05-11 01:21:18,911 [INFO] sqlalchemy.engine.Engine: INSERT INTO records (amount, type, user_id) VALUES (?, ?, ?)
2022-05-11 01:21:18,911 [INFO] sqlalchemy.engine.Engine: [cached since 0.03353s ago] (4242.0, 'CREDIT', 1)
2022-05-11 01:21:18,912 [INFO] sqlalchemy.engine.Engine: INSERT INTO records (amount, type, user_id) VALUES (?, ?, ?)
2022-05-11 01:21:18,913 [INFO] sqlalchemy.engine.Engine: [cached since 0.03464s ago] (-2324.0, 'DEBIT', 1)
2022-05-11 01:21:18,913 [INFO] sqlalchemy.engine.Engine: INSERT INTO records (amount, type, user_id) VALUES (?, ?, ?)
2022-05-11 01:21:18,914 [INFO] sqlalchemy.engine.Engine: [cached since 0.03588s ago] (4242.0, 'CREDIT', 1)
2022-05-11 01:21:18,915 [INFO] sqlalchemy.engine.Engine: INSERT INTO records (amount, type, user_id) VALUES (?, ?, ?)
2022-05-11 01:21:18,915 [INFO] sqlalchemy.engine.Engine: [cached since 0.03744s ago] (432.0, 'CREDIT', 1)
2022-05-11 01:21:18,916 [INFO] sqlalchemy.engine.Engine: INSERT INTO records (amount, type, user_id) VALUES (?, ?, ?)
2022-05-11 01:21:18,917 [INFO] sqlalchemy.engine.Engine: [cached since 0.03874s ago] (432.0, 'CREDIT', 1)
2022-05-11 01:21:18,917 [INFO] sqlalchemy.engine.Engine: INSERT INTO records (amount, type, user_id) VALUES (?, ?, ?)
2022-05-11 01:21:18,918 [INFO] sqlalchemy.engine.Engine: [cached since 0.04004s ago] (-4323.0, 'DEBIT', 1)
2022-05-11 01:21:18,919 [INFO] sqlalchemy.engine.Engine: COMMIT
2022-05-11 01:21:19,016 [INFO] sqlalchemy.engine.Engine: BEGIN (implicit)
2022-05-11 01:21:19,017 [INFO] sqlalchemy.engine.Engine: SELECT users.is_active AS users_is_active, users.id AS users_id, users.email AS users_email, users.password AS users_password, users.balance AS users_balance, users.about AS users_about, users.authenticated AS users_authenticated, users.registered_on AS users_registered_on, users.is_admin AS users_is_admin 
FROM users 
WHERE users.id = ?
2022-05-11 01:21:19,017 [INFO] sqlalchemy.engine.Engine: [cached since 7.692s ago] (1,)
2022-05-11 01:21:19,033 [INFO] sqlalchemy.engine.Engine: SELECT records.id AS records_id, records.amount AS records_amount, records.type AS records_type, records.user_id AS records_user_id 
FROM records 
WHERE ? = records.user_id
2022-05-11 01:21:19,033 [INFO] sqlalchemy.engine.Engine: [cached since 7.4s ago] (1,)
2022-05-11 01:21:19,037 [INFO] sqlalchemy.engine.Engine: SELECT records.id AS records_id, records.amount AS records_amount, records.type AS records_type, records.user_id AS records_user_id 
FROM records 
WHERE records.user_id = ?
 LIMIT ? OFFSET ?
2022-05-11 01:21:19,038 [INFO] sqlalchemy.engine.Engine: [generated in 0.00040s] (1, 1, 0)
2022-05-11 01:21:19,043 [INFO] sqlalchemy.engine.Engine: SELECT records.id AS records_id, records.amount AS records_amount, records.type AS records_type, records.user_id AS records_user_id 
FROM records 
WHERE records.user_id = ?
2022-05-11 01:21:19,043 [INFO] sqlalchemy.engine.Engine: [generated in 0.00044s] (1,)
2022-05-11 01:21:19,049 [INFO] sqlalchemy.engine.Engine: ROLLBACK
2022-05-11 01:21:51,636 [INFO] sqlalchemy.engine.Engine: BEGIN (implicit)
2022-05-11 01:21:51,639 [INFO] sqlalchemy.engine.Engine: SELECT users.is_active AS users_is_active, users.id AS users_id, users.email AS users_email, users.password AS users_password, users.balance AS users_balance, users.about AS users_about, users.authenticated AS users_authenticated, users.registered_on AS users_registered_on, users.is_admin AS users_is_admin 
FROM users 
WHERE users.id = ?
2022-05-11 01:21:51,640 [INFO] sqlalchemy.engine.Engine: [cached since 40.31s ago] (1,)
2022-05-11 01:21:51,681 [INFO] sqlalchemy.engine.Engine: ROLLBACK
2022-05-11 01:21:54,371 [INFO] sqlalchemy.engine.Engine: BEGIN (implicit)
2022-05-11 01:21:54,372 [INFO] sqlalchemy.engine.Engine: SELECT users.is_active AS users_is_active, users.id AS users_id, users.email AS users_email, users.password AS users_password, users.balance AS users_balance, users.about AS users_about, users.authenticated AS users_authenticated, users.registered_on AS users_registered_on, users.is_admin AS users_is_admin 
FROM users 
WHERE users.id = ?
2022-05-11 01:21:54,372 [INFO] sqlalchemy.engine.Engine: [cached since 43.05s ago] (1,)
2022-05-11 01:21:54,396 [INFO] sqlalchemy.engine.Engine: ROLLBACK
2022-05-11 01:21:57,539 [INFO] sqlalchemy.engine.Engine: BEGIN (implicit)
2022-05-11 01:21:57,540 [INFO] sqlalchemy.engine.Engine: SELECT users.is_active AS users_is_active, users.id AS users_id, users.email AS users_email, users.password AS users_password, users.balance AS users_balance, users.about AS users_about, users.authenticated AS users_authenticated, users.registered_on AS users_registered_on, users.is_admin AS users_is_admin 
FROM users 
WHERE users.id = ?
2022-05-11 01:21:57,541 [INFO] sqlalchemy.engine.Engine: [cached since 46.22s ago] (1,)
2022-05-11 01:21:57,559 [INFO] sqlalchemy.engine.Engine: ROLLBACK
2022-05-11 01:21:59,045 [INFO] sqlalchemy.engine.Engine: BEGIN (implicit)
2022-05-11 01:21:59,048 [INFO] sqlalchemy.engine.Engine: SELECT users.is_active AS users_is_active, users.id AS users_id, users.email AS users_email, users.password AS users_password, users.balance AS users_balance, users.about AS users_about, users.authenticated AS users_authenticated, users.registered_on AS users_registered_on, users.is_admin AS users_is_admin 
FROM users 
WHERE users.id = ?
2022-05-11 01:21:59,049 [INFO] sqlalchemy.engine.Engine: [cached since 47.72s ago] (1,)
2022-05-11 01:21:59,069 [INFO] sqlalchemy.engine.Engine: SELECT users.is_active AS users_is_active, users.id AS users_id, users.email AS users_email, users.password AS users_password, users.balance AS users_balance, users.about AS users_about, users.authenticated AS users_authenticated, users.registered_on AS users_registered_on, users.is_admin AS users_is_admin 
FROM users
2022-05-11 01:21:59,071 [INFO] sqlalchemy.engine.Engine: [generated in 0.00166s] ()
2022-05-11 01:21:59,176 [INFO] sqlalchemy.engine.Engine: ROLLBACK
2022-05-11 01:27:36,745 [INFO] sqlalchemy.engine.Engine: BEGIN (implicit)
2022-05-11 01:27:36,750 [INFO] sqlalchemy.engine.Engine: SELECT users.is_active AS users_is_active, users.id AS users_id, users.email AS users_email, users.password AS users_password, users.balance AS users_balance, users.about AS users_about, users.authenticated AS users_authenticated, users.registered_on AS users_registered_on, users.is_admin AS users_is_admin 
FROM users 
WHERE users.id = ?
2022-05-11 01:27:36,750 [INFO] sqlalchemy.engine.Engine: [generated in 0.00068s] (1,)
2022-05-11 01:27:36,758 [INFO] sqlalchemy.engine.Engine: SELECT users.is_active AS users_is_active, users.id AS users_id, users.email AS users_email, users.password AS users_password, users.balance AS users_balance, users.about AS users_about, users.authenticated AS users_authenticated, users.registered_on AS users_registered_on, users.is_admin AS users_is_admin 
FROM users
2022-05-11 01:27:36,759 [INFO] sqlalchemy.engine.Engine: [generated in 0.00091s] ()
2022-05-11 01:27:37,066 [INFO] sqlalchemy.engine.Engine: ROLLBACK
2022-05-11 01:27:37,748 [INFO] sqlalchemy.engine.Engine: BEGIN (implicit)
2022-05-11 01:27:37,749 [INFO] sqlalchemy.engine.Engine: SELECT users.is_active AS users_is_active, users.id AS users_id, users.email AS users_email, users.password AS users_password, users.balance AS users_balance, users.about AS users_about, users.authenticated AS users_authenticated, users.registered_on AS users_registered_on, users.is_admin AS users_is_admin 
FROM users 
WHERE users.id = ?
2022-05-11 01:27:37,750 [INFO] sqlalchemy.engine.Engine: [cached since 1.001s ago] (1,)
2022-05-11 01:27:37,784 [INFO] sqlalchemy.engine.Engine: ROLLBACK
2022-05-11 01:27:38,333 [INFO] sqlalchemy.engine.Engine: BEGIN (implicit)
2022-05-11 01:27:38,335 [INFO] sqlalchemy.engine.Engine: SELECT users.is_active AS users_is_active, users.id AS users_id, users.email AS users_email, users.password AS users_password, users.balance AS users_balance, users.about AS users_about, users.authenticated AS users_authenticated, users.registered_on AS users_registered_on, users.is_admin AS users_is_admin 
FROM users 
WHERE users.id = ?
2022-05-11 01:27:38,336 [INFO] sqlalchemy.engine.Engine: [cached since 1.586s ago] (1,)
2022-05-11 01:27:38,408 [INFO] sqlalchemy.engine.Engine: ROLLBACK
2022-05-11 01:27:39,039 [INFO] sqlalchemy.engine.Engine: BEGIN (implicit)
2022-05-11 01:27:39,040 [INFO] sqlalchemy.engine.Engine: SELECT users.is_active AS users_is_active, users.id AS users_id, users.email AS users_email, users.password AS users_password, users.balance AS users_balance, users.about AS users_about, users.authenticated AS users_authenticated, users.registered_on AS users_registered_on, users.is_admin AS users_is_admin 
FROM users 
WHERE users.id = ?
2022-05-11 01:27:39,040 [INFO] sqlalchemy.engine.Engine: [cached since 2.291s ago] (1,)
2022-05-11 01:27:39,053 [INFO] sqlalchemy.engine.Engine: ROLLBACK
2022-05-11 01:27:39,644 [INFO] sqlalchemy.engine.Engine: BEGIN (implicit)
2022-05-11 01:27:39,645 [INFO] sqlalchemy.engine.Engine: SELECT users.is_active AS users_is_active, users.id AS users_id, users.email AS users_email, users.password AS users_password, users.balance AS users_balance, users.about AS users_about, users.authenticated AS users_authenticated, users.registered_on AS users_registered_on, users.is_admin AS users_is_admin 
FROM users 
WHERE users.id = ?
2022-05-11 01:27:39,646 [INFO] sqlalchemy.engine.Engine: [cached since 2.896s ago] (1,)
2022-05-11 01:27:39,653 [INFO] sqlalchemy.engine.Engine: SELECT users.is_active AS users_is_active, users.id AS users_id, users.email AS users_email, users.password AS users_password, users.balance AS users_balance, users.about AS users_about, users.authenticated AS users_authenticated, users.registered_on AS users_registered_on, users.is_admin AS users_is_admin 
FROM users
2022-05-11 01:27:39,654 [INFO] sqlalchemy.engine.Engine: [cached since 2.896s ago] ()
2022-05-11 01:27:39,670 [INFO] sqlalchemy.engine.Engine: ROLLBACK
2022-05-11 01:53:11,489 [INFO] sqlalchemy.engine.Engine: BEGIN (implicit)
2022-05-11 01:53:11,493 [INFO] sqlalchemy.engine.Engine: SELECT users.is_active AS users_is_active, users.id AS users_id, users.email AS users_email, users.password AS users_password, users.balance AS users_balance, users.about AS users_about, users.authenticated AS users_authenticated, users.registered_on AS users_registered_on, users.is_admin AS users_is_admin 
FROM users 
WHERE users.id = ?
2022-05-11 01:53:11,493 [INFO] sqlalchemy.engine.Engine: [generated in 0.00066s] (1,)
2022-05-11 01:53:11,841 [INFO] sqlalchemy.engine.Engine: SELECT records.id AS records_id, records.amount AS records_amount, records.type AS records_type, records.user_id AS records_user_id 
FROM records 
WHERE ? = records.user_id
2022-05-11 01:53:11,843 [INFO] sqlalchemy.engine.Engine: [generated in 0.00181s] (1,)
2022-05-11 01:53:11,853 [INFO] sqlalchemy.engine.Engine: SELECT records.id AS records_id, records.amount AS records_amount, records.type AS records_type, records.user_id AS records_user_id 
FROM records 
WHERE records.user_id = ?
 LIMIT ? OFFSET ?
2022-05-11 01:53:11,854 [INFO] sqlalchemy.engine.Engine: [generated in 0.00122s] (1, 1, 0)
2022-05-11 01:53:11,861 [INFO] sqlalchemy.engine.Engine: SELECT records.id AS records_id, records.amount AS records_amount, records.type AS records_type, records.user_id AS records_user_id 
FROM records 
WHERE records.user_id = ?
2022-05-11 01:53:11,861 [INFO] sqlalchemy.engine.Engine: [generated in 0.00096s] (1,)
2022-05-11 01:53:11,869 [INFO] sqlalchemy.engine.Engine: ROLLBACK
2022-05-11 01:54:02,628 [INFO] sqlalchemy.engine.Engine: BEGIN (implicit)
2022-05-11 01:54:02,629 [INFO] sqlalchemy.engine.Engine: PRAGMA main.table_info("records")
2022-05-11 01:54:02,629 [INFO] sqlalchemy.engine.Engine: [raw sql] ()
2022-05-11 01:54:02,630 [INFO] sqlalchemy.engine.Engine: PRAGMA temp.table_info("records")
2022-05-11 01:54:02,631 [INFO] sqlalchemy.engine.Engine: [raw sql] ()
2022-05-11 01:54:02,631 [INFO] sqlalchemy.engine.Engine: PRAGMA main.table_info("users")
2022-05-11 01:54:02,632 [INFO] sqlalchemy.engine.Engine: [raw sql] ()
2022-05-11 01:54:02,632 [INFO] sqlalchemy.engine.Engine: PRAGMA temp.table_info("users")
2022-05-11 01:54:02,633 [INFO] sqlalchemy.engine.Engine: [raw sql] ()
2022-05-11 01:54:02,635 [INFO] sqlalchemy.engine.Engine: 
CREATE TABLE users (
	id INTEGER NOT NULL, 
	email VARCHAR(120) NOT NULL, 
	password VARCHAR(300) NOT NULL, 
	balance FLOAT, 
	about VARCHAR(300), 
	authenticated BOOLEAN, 
	registered_on DATETIME, 
	is_active BOOLEAN DEFAULT '1' NOT NULL, 
	is_admin BOOLEAN DEFAULT '0' NOT NULL, 
	PRIMARY KEY (id), 
	UNIQUE (email)
)


2022-05-11 01:54:02,635 [INFO] sqlalchemy.engine.Engine: [no key 0.00055s] ()
2022-05-11 01:54:02,636 [INFO] sqlalchemy.engine.Engine: 
CREATE TABLE records (
	id INTEGER NOT NULL, 
	amount FLOAT, 
	type VARCHAR(100), 
	user_id INTEGER, 
	PRIMARY KEY (id), 
	FOREIGN KEY(user_id) REFERENCES users (id)
)


2022-05-11 01:54:02,636 [INFO] sqlalchemy.engine.Engine: [no key 0.00041s] ()
2022-05-11 01:54:02,637 [INFO] sqlalchemy.engine.Engine: COMMIT
2022-05-11 01:54:02,641 [INFO] sqlalchemy.engine.Engine: BEGIN (implicit)
2022-05-11 01:54:02,641 [INFO] sqlalchemy.engine.Engine: PRAGMA main.table_info("records")
2022-05-11 01:54:02,642 [INFO] sqlalchemy.engine.Engine: [raw sql] ()
2022-05-11 01:54:02,642 [INFO] sqlalchemy.engine.Engine: PRAGMA main.table_info("users")
2022-05-11 01:54:02,643 [INFO] sqlalchemy.engine.Engine: [raw sql] ()
2022-05-11 01:54:02,643 [INFO] sqlalchemy.engine.Engine: COMMIT
2022-05-11 01:54:02,645 [INFO] sqlalchemy.engine.Engine: BEGIN (implicit)
2022-05-11 01:54:02,645 [INFO] sqlalchemy.engine.Engine: PRAGMA main.table_info("records")
2022-05-11 01:54:02,646 [INFO] sqlalchemy.engine.Engine: [raw sql] ()
2022-05-11 01:54:02,646 [INFO] sqlalchemy.engine.Engine: PRAGMA main.table_info("users")
2022-05-11 01:54:02,647 [INFO] sqlalchemy.engine.Engine: [raw sql] ()
2022-05-11 01:54:02,648 [INFO] sqlalchemy.engine.Engine: COMMIT
2022-05-11 01:54:02,897 [INFO] sqlalchemy.engine.Engine: BEGIN (implicit)
2022-05-11 01:54:02,897 [INFO] sqlalchemy.engine.Engine: PRAGMA main.table_info("records")
2022-05-11 01:54:02,898 [INFO] sqlalchemy.engine.Engine: [raw sql] ()
2022-05-11 01:54:02,899 [INFO] sqlalchemy.engine.Engine: PRAGMA temp.table_info("records")
2022-05-11 01:54:02,899 [INFO] sqlalchemy.engine.Engine: [raw sql] ()
2022-05-11 01:54:02,900 [INFO] sqlalchemy.engine.Engine: PRAGMA main.table_info("users")
2022-05-11 01:54:02,900 [INFO] sqlalchemy.engine.Engine: [raw sql] ()
2022-05-11 01:54:02,901 [INFO] sqlalchemy.engine.Engine: PRAGMA temp.table_info("users")
2022-05-11 01:54:02,901 [INFO] sqlalchemy.engine.Engine: [raw sql] ()
2022-05-11 01:54:02,902 [INFO] sqlalchemy.engine.Engine: 
CREATE TABLE users (
	id INTEGER NOT NULL, 
	email VARCHAR(120) NOT NULL, 
	password VARCHAR(300) NOT NULL, 
	balance FLOAT, 
	about VARCHAR(300), 
	authenticated BOOLEAN, 
	registered_on DATETIME, 
	is_active BOOLEAN DEFAULT '1' NOT NULL, 
	is_admin BOOLEAN DEFAULT '0' NOT NULL, 
	PRIMARY KEY (id), 
	UNIQUE (email)
)


2022-05-11 01:54:02,903 [INFO] sqlalchemy.engine.Engine: [no key 0.00068s] ()
2022-05-11 01:54:02,904 [INFO] sqlalchemy.engine.Engine: 
CREATE TABLE records (
	id INTEGER NOT NULL, 
	amount FLOAT, 
	type VARCHAR(100), 
	user_id INTEGER, 
	PRIMARY KEY (id), 
	FOREIGN KEY(user_id) REFERENCES users (id)
)


2022-05-11 01:54:02,905 [INFO] sqlalchemy.engine.Engine: [no key 0.00054s] ()
2022-05-11 01:54:02,905 [INFO] sqlalchemy.engine.Engine: COMMIT
2022-05-11 01:54:02,947 [INFO] sqlalchemy.engine.Engine: BEGIN (implicit)
2022-05-11 01:54:02,948 [INFO] sqlalchemy.engine.Engine: PRAGMA main.table_info("records")
2022-05-11 01:54:02,948 [INFO] sqlalchemy.engine.Engine: [raw sql] ()
2022-05-11 01:54:02,949 [INFO] sqlalchemy.engine.Engine: PRAGMA temp.table_info("records")
2022-05-11 01:54:02,949 [INFO] sqlalchemy.engine.Engine: [raw sql] ()
2022-05-11 01:54:02,950 [INFO] sqlalchemy.engine.Engine: PRAGMA main.table_info("users")
2022-05-11 01:54:02,951 [INFO] sqlalchemy.engine.Engine: [raw sql] ()
2022-05-11 01:54:02,952 [INFO] sqlalchemy.engine.Engine: PRAGMA temp.table_info("users")
2022-05-11 01:54:02,952 [INFO] sqlalchemy.engine.Engine: [raw sql] ()
2022-05-11 01:54:02,953 [INFO] sqlalchemy.engine.Engine: 
CREATE TABLE users (
	id INTEGER NOT NULL, 
	email VARCHAR(120) NOT NULL, 
	password VARCHAR(300) NOT NULL, 
	balance FLOAT, 
	about VARCHAR(300), 
	authenticated BOOLEAN, 
	registered_on DATETIME, 
	is_active BOOLEAN DEFAULT '1' NOT NULL, 
	is_admin BOOLEAN DEFAULT '0' NOT NULL, 
	PRIMARY KEY (id), 
	UNIQUE (email)
)


2022-05-11 01:54:02,954 [INFO] sqlalchemy.engine.Engine: [no key 0.00053s] ()
2022-05-11 01:54:02,955 [INFO] sqlalchemy.engine.Engine: 
CREATE TABLE records (
	id INTEGER NOT NULL, 
	amount FLOAT, 
	type VARCHAR(100), 
	user_id INTEGER, 
	PRIMARY KEY (id), 
	FOREIGN KEY(user_id) REFERENCES users (id)
)


2022-05-11 01:54:02,955 [INFO] sqlalchemy.engine.Engine: [no key 0.00043s] ()
2022-05-11 01:54:02,956 [INFO] sqlalchemy.engine.Engine: COMMIT
2022-05-11 01:54:02,975 [INFO] sqlalchemy.engine.Engine: BEGIN (implicit)
2022-05-11 01:54:02,976 [INFO] sqlalchemy.engine.Engine: PRAGMA main.table_info("records")
2022-05-11 01:54:02,976 [INFO] sqlalchemy.engine.Engine: [raw sql] ()
2022-05-11 01:54:02,977 [INFO] sqlalchemy.engine.Engine: PRAGMA temp.table_info("records")
2022-05-11 01:54:02,977 [INFO] sqlalchemy.engine.Engine: [raw sql] ()
2022-05-11 01:54:02,978 [INFO] sqlalchemy.engine.Engine: PRAGMA main.table_info("users")
2022-05-11 01:54:02,978 [INFO] sqlalchemy.engine.Engine: [raw sql] ()
2022-05-11 01:54:02,979 [INFO] sqlalchemy.engine.Engine: PRAGMA temp.table_info("users")
2022-05-11 01:54:02,979 [INFO] sqlalchemy.engine.Engine: [raw sql] ()
2022-05-11 01:54:02,980 [INFO] sqlalchemy.engine.Engine: 
CREATE TABLE users (
	id INTEGER NOT NULL, 
	email VARCHAR(120) NOT NULL, 
	password VARCHAR(300) NOT NULL, 
	balance FLOAT, 
	about VARCHAR(300), 
	authenticated BOOLEAN, 
	registered_on DATETIME, 
	is_active BOOLEAN DEFAULT '1' NOT NULL, 
	is_admin BOOLEAN DEFAULT '0' NOT NULL, 
	PRIMARY KEY (id), 
	UNIQUE (email)
)


2022-05-11 01:54:02,981 [INFO] sqlalchemy.engine.Engine: [no key 0.00046s] ()
2022-05-11 01:54:02,982 [INFO] sqlalchemy.engine.Engine: 
CREATE TABLE records (
	id INTEGER NOT NULL, 
	amount FLOAT, 
	type VARCHAR(100), 
	user_id INTEGER, 
	PRIMARY KEY (id), 
	FOREIGN KEY(user_id) REFERENCES users (id)
)


2022-05-11 01:54:02,982 [INFO] sqlalchemy.engine.Engine: [no key 0.00047s] ()
2022-05-11 01:54:02,983 [INFO] sqlalchemy.engine.Engine: COMMIT
2022-05-11 01:54:02,998 [INFO] sqlalchemy.engine.Engine: BEGIN (implicit)
2022-05-11 01:54:02,999 [INFO] sqlalchemy.engine.Engine: PRAGMA main.table_info("records")
2022-05-11 01:54:03,000 [INFO] sqlalchemy.engine.Engine: [raw sql] ()
2022-05-11 01:54:03,000 [INFO] sqlalchemy.engine.Engine: PRAGMA temp.table_info("records")
2022-05-11 01:54:03,001 [INFO] sqlalchemy.engine.Engine: [raw sql] ()
2022-05-11 01:54:03,001 [INFO] sqlalchemy.engine.Engine: PRAGMA main.table_info("users")
2022-05-11 01:54:03,002 [INFO] sqlalchemy.engine.Engine: [raw sql] ()
2022-05-11 01:54:03,002 [INFO] sqlalchemy.engine.Engine: PRAGMA temp.table_info("users")
2022-05-11 01:54:03,003 [INFO] sqlalchemy.engine.Engine: [raw sql] ()
2022-05-11 01:54:03,004 [INFO] sqlalchemy.engine.Engine: 
CREATE TABLE users (
	id INTEGER NOT NULL, 
	email VARCHAR(120) NOT NULL, 
	password VARCHAR(300) NOT NULL, 
	balance FLOAT, 
	about VARCHAR(300), 
	authenticated BOOLEAN, 
	registered_on DATETIME, 
	is_active BOOLEAN DEFAULT '1' NOT NULL, 
	is_admin BOOLEAN DEFAULT '0' NOT NULL, 
	PRIMARY KEY (id), 
	UNIQUE (email)
)


2022-05-11 01:54:03,004 [INFO] sqlalchemy.engine.Engine: [no key 0.00040s] ()
2022-05-11 01:54:03,005 [INFO] sqlalchemy.engine.Engine: 
CREATE TABLE records (
	id INTEGER NOT NULL, 
	amount FLOAT, 
	type VARCHAR(100), 
	user_id INTEGER, 
	PRIMARY KEY (id), 
	FOREIGN KEY(user_id) REFERENCES users (id)
)


2022-05-11 01:54:03,005 [INFO] sqlalchemy.engine.Engine: [no key 0.00042s] ()
2022-05-11 01:54:03,006 [INFO] sqlalchemy.engine.Engine: COMMIT
2022-05-11 01:54:03,023 [INFO] sqlalchemy.engine.Engine: BEGIN (implicit)
2022-05-11 01:54:03,024 [INFO] sqlalchemy.engine.Engine: PRAGMA main.table_info("records")
2022-05-11 01:54:03,025 [INFO] sqlalchemy.engine.Engine: [raw sql] ()
2022-05-11 01:54:03,025 [INFO] sqlalchemy.engine.Engine: PRAGMA temp.table_info("records")
2022-05-11 01:54:03,026 [INFO] sqlalchemy.engine.Engine: [raw sql] ()
2022-05-11 01:54:03,027 [INFO] sqlalchemy.engine.Engine: PRAGMA main.table_info("users")
2022-05-11 01:54:03,027 [INFO] sqlalchemy.engine.Engine: [raw sql] ()
2022-05-11 01:54:03,027 [INFO] sqlalchemy.engine.Engine: PRAGMA temp.table_info("users")
2022-05-11 01:54:03,028 [INFO] sqlalchemy.engine.Engine: [raw sql] ()
2022-05-11 01:54:03,029 [INFO] sqlalchemy.engine.Engine: 
CREATE TABLE users (
	id INTEGER NOT NULL, 
	email VARCHAR(120) NOT NULL, 
	password VARCHAR(300) NOT NULL, 
	balance FLOAT, 
	about VARCHAR(300), 
	authenticated BOOLEAN, 
	registered_on DATETIME, 
	is_active BOOLEAN DEFAULT '1' NOT NULL, 
	is_admin BOOLEAN DEFAULT '0' NOT NULL, 
	PRIMARY KEY (id), 
	UNIQUE (email)
)


2022-05-11 01:54:03,029 [INFO] sqlalchemy.engine.Engine: [no key 0.00046s] ()
2022-05-11 01:54:03,030 [INFO] sqlalchemy.engine.Engine: 
CREATE TABLE records (
	id INTEGER NOT NULL, 
	amount FLOAT, 
	type VARCHAR(100), 
	user_id INTEGER, 
	PRIMARY KEY (id), 
	FOREIGN KEY(user_id) REFERENCES users (id)
)


2022-05-11 01:54:03,030 [INFO] sqlalchemy.engine.Engine: [no key 0.00037s] ()
2022-05-11 01:54:03,031 [INFO] sqlalchemy.engine.Engine: COMMIT
2022-05-11 01:54:03,034 [INFO] sqlalchemy.engine.Engine: BEGIN (implicit)
2022-05-11 01:54:03,035 [INFO] sqlalchemy.engine.Engine: PRAGMA main.table_info("records")
2022-05-11 01:54:03,035 [INFO] sqlalchemy.engine.Engine: [raw sql] ()
2022-05-11 01:54:03,036 [INFO] sqlalchemy.engine.Engine: PRAGMA main.table_info("users")
2022-05-11 01:54:03,036 [INFO] sqlalchemy.engine.Engine: [raw sql] ()
2022-05-11 01:54:03,037 [INFO] sqlalchemy.engine.Engine: COMMIT
2022-05-11 01:54:03,039 [INFO] sqlalchemy.engine.Engine: BEGIN (implicit)
2022-05-11 01:54:03,039 [INFO] sqlalchemy.engine.Engine: PRAGMA main.table_info("records")
2022-05-11 01:54:03,039 [INFO] sqlalchemy.engine.Engine: [raw sql] ()
2022-05-11 01:54:03,040 [INFO] sqlalchemy.engine.Engine: PRAGMA main.table_info("users")
2022-05-11 01:54:03,040 [INFO] sqlalchemy.engine.Engine: [raw sql] ()
2022-05-11 01:54:03,041 [INFO] sqlalchemy.engine.Engine: COMMIT
2022-05-11 01:54:03,220 [INFO] sqlalchemy.engine.Engine: BEGIN (implicit)
2022-05-11 01:54:03,221 [INFO] sqlalchemy.engine.Engine: PRAGMA main.table_info("records")
2022-05-11 01:54:03,221 [INFO] sqlalchemy.engine.Engine: [raw sql] ()
2022-05-11 01:54:03,222 [INFO] sqlalchemy.engine.Engine: PRAGMA temp.table_info("records")
2022-05-11 01:54:03,222 [INFO] sqlalchemy.engine.Engine: [raw sql] ()
2022-05-11 01:54:03,223 [INFO] sqlalchemy.engine.Engine: PRAGMA main.table_info("users")
2022-05-11 01:54:03,223 [INFO] sqlalchemy.engine.Engine: [raw sql] ()
2022-05-11 01:54:03,224 [INFO] sqlalchemy.engine.Engine: PRAGMA temp.table_info("users")
2022-05-11 01:54:03,225 [INFO] sqlalchemy.engine.Engine: [raw sql] ()
2022-05-11 01:54:03,226 [INFO] sqlalchemy.engine.Engine: 
CREATE TABLE users (
	id INTEGER NOT NULL, 
	email VARCHAR(120) NOT NULL, 
	password VARCHAR(300) NOT NULL, 
	balance FLOAT, 
	about VARCHAR(300), 
	authenticated BOOLEAN, 
	registered_on DATETIME, 
	is_active BOOLEAN DEFAULT '1' NOT NULL, 
	is_admin BOOLEAN DEFAULT '0' NOT NULL, 
	PRIMARY KEY (id), 
	UNIQUE (email)
)


2022-05-11 01:54:03,226 [INFO] sqlalchemy.engine.Engine: [no key 0.00047s] ()
2022-05-11 01:54:03,227 [INFO] sqlalchemy.engine.Engine: 
CREATE TABLE records (
	id INTEGER NOT NULL, 
	amount FLOAT, 
	type VARCHAR(100), 
	user_id INTEGER, 
	PRIMARY KEY (id), 
	FOREIGN KEY(user_id) REFERENCES users (id)
)


2022-05-11 01:54:03,228 [INFO] sqlalchemy.engine.Engine: [no key 0.00055s] ()
2022-05-11 01:54:03,228 [INFO] sqlalchemy.engine.Engine: COMMIT
2022-05-11 01:54:03,232 [INFO] sqlalchemy.engine.Engine: BEGIN (implicit)
2022-05-11 01:54:03,233 [INFO] sqlalchemy.engine.Engine: PRAGMA main.table_info("records")
2022-05-11 01:54:03,233 [INFO] sqlalchemy.engine.Engine: [raw sql] ()
2022-05-11 01:54:03,234 [INFO] sqlalchemy.engine.Engine: PRAGMA main.table_info("users")
2022-05-11 01:54:03,234 [INFO] sqlalchemy.engine.Engine: [raw sql] ()
2022-05-11 01:54:03,235 [INFO] sqlalchemy.engine.Engine: COMMIT
2022-05-11 01:54:03,238 [INFO] sqlalchemy.engine.Engine: BEGIN (implicit)
2022-05-11 01:54:03,239 [INFO] sqlalchemy.engine.Engine: PRAGMA main.table_info("records")
2022-05-11 01:54:03,239 [INFO] sqlalchemy.engine.Engine: [raw sql] ()
2022-05-11 01:54:03,240 [INFO] sqlalchemy.engine.Engine: PRAGMA main.table_info("users")
2022-05-11 01:54:03,241 [INFO] sqlalchemy.engine.Engine: [raw sql] ()
2022-05-11 01:54:03,241 [INFO] sqlalchemy.engine.Engine: COMMIT
2022-05-11 01:54:03,500 [INFO] sqlalchemy.engine.Engine: BEGIN (implicit)
2022-05-11 01:54:03,501 [INFO] sqlalchemy.engine.Engine: PRAGMA main.table_info("records")
2022-05-11 01:54:03,501 [INFO] sqlalchemy.engine.Engine: [raw sql] ()
2022-05-11 01:54:03,502 [INFO] sqlalchemy.engine.Engine: PRAGMA temp.table_info("records")
2022-05-11 01:54:03,503 [INFO] sqlalchemy.engine.Engine: [raw sql] ()
2022-05-11 01:54:03,503 [INFO] sqlalchemy.engine.Engine: PRAGMA main.table_info("users")
2022-05-11 01:54:03,504 [INFO] sqlalchemy.engine.Engine: [raw sql] ()
2022-05-11 01:54:03,504 [INFO] sqlalchemy.engine.Engine: PRAGMA temp.table_info("users")
2022-05-11 01:54:03,505 [INFO] sqlalchemy.engine.Engine: [raw sql] ()
2022-05-11 01:54:03,506 [INFO] sqlalchemy.engine.Engine: 
CREATE TABLE users (
	id INTEGER NOT NULL, 
	email VARCHAR(120) NOT NULL, 
	password VARCHAR(300) NOT NULL, 
	balance FLOAT, 
	about VARCHAR(300), 
	authenticated BOOLEAN, 
	registered_on DATETIME, 
	is_active BOOLEAN DEFAULT '1' NOT NULL, 
	is_admin BOOLEAN DEFAULT '0' NOT NULL, 
	PRIMARY KEY (id), 
	UNIQUE (email)
)


2022-05-11 01:54:03,507 [INFO] sqlalchemy.engine.Engine: [no key 0.00064s] ()
2022-05-11 01:54:03,508 [INFO] sqlalchemy.engine.Engine: 
CREATE TABLE records (
	id INTEGER NOT NULL, 
	amount FLOAT, 
	type VARCHAR(100), 
	user_id INTEGER, 
	PRIMARY KEY (id), 
	FOREIGN KEY(user_id) REFERENCES users (id)
)


2022-05-11 01:54:03,509 [INFO] sqlalchemy.engine.Engine: [no key 0.00048s] ()
2022-05-11 01:54:03,509 [INFO] sqlalchemy.engine.Engine: COMMIT
2022-05-11 01:54:03,513 [INFO] sqlalchemy.engine.Engine: BEGIN (implicit)
2022-05-11 01:54:03,514 [INFO] sqlalchemy.engine.Engine: PRAGMA main.table_info("records")
2022-05-11 01:54:03,514 [INFO] sqlalchemy.engine.Engine: [raw sql] ()
2022-05-11 01:54:03,515 [INFO] sqlalchemy.engine.Engine: PRAGMA main.table_info("users")
2022-05-11 01:54:03,515 [INFO] sqlalchemy.engine.Engine: [raw sql] ()
2022-05-11 01:54:03,515 [INFO] sqlalchemy.engine.Engine: COMMIT
2022-05-11 01:54:03,518 [INFO] sqlalchemy.engine.Engine: BEGIN (implicit)
2022-05-11 01:54:03,518 [INFO] sqlalchemy.engine.Engine: PRAGMA main.table_info("records")
2022-05-11 01:54:03,519 [INFO] sqlalchemy.engine.Engine: [raw sql] ()
2022-05-11 01:54:03,519 [INFO] sqlalchemy.engine.Engine: PRAGMA main.table_info("users")
2022-05-11 01:54:03,520 [INFO] sqlalchemy.engine.Engine: [raw sql] ()
2022-05-11 01:54:03,520 [INFO] sqlalchemy.engine.Engine: COMMIT
2022-05-11 01:54:03,724 [INFO] sqlalchemy.engine.Engine: BEGIN (implicit)
2022-05-11 01:54:03,725 [INFO] sqlalchemy.engine.Engine: PRAGMA main.table_info("records")
2022-05-11 01:54:03,726 [INFO] sqlalchemy.engine.Engine: [raw sql] ()
2022-05-11 01:54:03,726 [INFO] sqlalchemy.engine.Engine: PRAGMA temp.table_info("records")
2022-05-11 01:54:03,727 [INFO] sqlalchemy.engine.Engine: [raw sql] ()
2022-05-11 01:54:03,728 [INFO] sqlalchemy.engine.Engine: PRAGMA main.table_info("users")
2022-05-11 01:54:03,729 [INFO] sqlalchemy.engine.Engine: [raw sql] ()
2022-05-11 01:54:03,729 [INFO] sqlalchemy.engine.Engine: PRAGMA temp.table_info("users")
2022-05-11 01:54:03,730 [INFO] sqlalchemy.engine.Engine: [raw sql] ()
2022-05-11 01:54:03,731 [INFO] sqlalchemy.engine.Engine: 
CREATE TABLE users (
	id INTEGER NOT NULL, 
	email VARCHAR(120) NOT NULL, 
	password VARCHAR(300) NOT NULL, 
	balance FLOAT, 
	about VARCHAR(300), 
	authenticated BOOLEAN, 
	registered_on DATETIME, 
	is_active BOOLEAN DEFAULT '1' NOT NULL, 
	is_admin BOOLEAN DEFAULT '0' NOT NULL, 
	PRIMARY KEY (id), 
	UNIQUE (email)
)


2022-05-11 01:54:03,731 [INFO] sqlalchemy.engine.Engine: [no key 0.00051s] ()
2022-05-11 01:54:03,732 [INFO] sqlalchemy.engine.Engine: 
CREATE TABLE records (
	id INTEGER NOT NULL, 
	amount FLOAT, 
	type VARCHAR(100), 
	user_id INTEGER, 
	PRIMARY KEY (id), 
	FOREIGN KEY(user_id) REFERENCES users (id)
)


2022-05-11 01:54:03,733 [INFO] sqlalchemy.engine.Engine: [no key 0.00045s] ()
2022-05-11 01:54:03,733 [INFO] sqlalchemy.engine.Engine: COMMIT
2022-05-11 01:54:03,740 [INFO] sqlalchemy.engine.Engine: BEGIN (implicit)
2022-05-11 01:54:03,742 [INFO] sqlalchemy.engine.Engine: INSERT INTO users (email, password, balance, about, authenticated, registered_on) VALUES (?, ?, ?, ?, ?, ?)
2022-05-11 01:54:03,743 [INFO] sqlalchemy.engine.Engine: [generated in 0.00089s] ('keith@webizly.com', 'testtest', 0.0, None, 0, '2022-05-11 01:54:03.739181')
2022-05-11 01:54:03,743 [INFO] sqlalchemy.engine.Engine: COMMIT
2022-05-11 01:54:03,745 [INFO] sqlalchemy.engine.Engine: BEGIN (implicit)
2022-05-11 01:54:03,747 [INFO] sqlalchemy.engine.Engine: SELECT users.is_active AS users_is_active, users.id AS users_id, users.email AS users_email, users.password AS users_password, users.balance AS users_balance, users.about AS users_about, users.authenticated AS users_authenticated, users.registered_on AS users_registered_on, users.is_admin AS users_is_admin 
FROM users 
WHERE users.id = ?
2022-05-11 01:54:03,747 [INFO] sqlalchemy.engine.Engine: [generated in 0.00051s] (1,)
2022-05-11 01:54:03,751 [INFO] sqlalchemy.engine.Engine: SELECT count(*) AS count_1 
FROM (SELECT users.is_active AS users_is_active, users.id AS users_id, users.email AS users_email, users.password AS users_password, users.balance AS users_balance, users.about AS users_about, users.authenticated AS users_authenticated, users.registered_on AS users_registered_on, users.is_admin AS users_is_admin 
FROM users) AS anon_1
2022-05-11 01:54:03,751 [INFO] sqlalchemy.engine.Engine: [generated in 0.00050s] ()
2022-05-11 01:54:03,758 [INFO] sqlalchemy.engine.Engine: BEGIN (implicit)
2022-05-11 01:54:03,759 [INFO] sqlalchemy.engine.Engine: PRAGMA main.table_info("records")
2022-05-11 01:54:03,760 [INFO] sqlalchemy.engine.Engine: [raw sql] ()
2022-05-11 01:54:03,761 [INFO] sqlalchemy.engine.Engine: PRAGMA main.table_info("users")
2022-05-11 01:54:03,761 [INFO] sqlalchemy.engine.Engine: [raw sql] ()
2022-05-11 01:54:03,762 [INFO] sqlalchemy.engine.Engine: COMMIT
2022-05-11 01:54:03,766 [INFO] sqlalchemy.engine.Engine: BEGIN (implicit)
2022-05-11 01:54:03,767 [INFO] sqlalchemy.engine.Engine: PRAGMA main.table_info("records")
2022-05-11 01:54:03,768 [INFO] sqlalchemy.engine.Engine: [raw sql] ()
2022-05-11 01:54:03,769 [INFO] sqlalchemy.engine.Engine: PRAGMA main.table_info("users")
2022-05-11 01:54:03,769 [INFO] sqlalchemy.engine.Engine: [raw sql] ()
2022-05-11 01:54:03,770 [INFO] sqlalchemy.engine.Engine: COMMIT
2022-05-11 01:54:04,050 [INFO] sqlalchemy.engine.Engine: SELECT records.id AS records_id, records.amount AS records_amount, records.type AS records_type, records.user_id AS records_user_id 
FROM records 
WHERE ? = records.user_id
2022-05-11 01:54:04,051 [INFO] sqlalchemy.engine.Engine: [generated in 0.00064s] (1,)
2022-05-11 01:54:04,053 [INFO] sqlalchemy.engine.Engine: ROLLBACK
2022-05-11 02:13:10,223 [INFO] sqlalchemy.engine.Engine: BEGIN (implicit)
2022-05-11 02:13:10,224 [INFO] sqlalchemy.engine.Engine: PRAGMA main.table_info("records")
2022-05-11 02:13:10,224 [INFO] sqlalchemy.engine.Engine: [raw sql] ()
2022-05-11 02:13:10,225 [INFO] sqlalchemy.engine.Engine: PRAGMA temp.table_info("records")
2022-05-11 02:13:10,226 [INFO] sqlalchemy.engine.Engine: [raw sql] ()
2022-05-11 02:13:10,226 [INFO] sqlalchemy.engine.Engine: PRAGMA main.table_info("users")
2022-05-11 02:13:10,227 [INFO] sqlalchemy.engine.Engine: [raw sql] ()
2022-05-11 02:13:10,227 [INFO] sqlalchemy.engine.Engine: PRAGMA temp.table_info("users")
2022-05-11 02:13:10,228 [INFO] sqlalchemy.engine.Engine: [raw sql] ()
2022-05-11 02:13:10,229 [INFO] sqlalchemy.engine.Engine: 
CREATE TABLE users (
	id INTEGER NOT NULL, 
	email VARCHAR(120) NOT NULL, 
	password VARCHAR(300) NOT NULL, 
	balance FLOAT, 
	about VARCHAR(300), 
	authenticated BOOLEAN, 
	registered_on DATETIME, 
	is_active BOOLEAN DEFAULT '1' NOT NULL, 
	is_admin BOOLEAN DEFAULT '0' NOT NULL, 
	PRIMARY KEY (id), 
	UNIQUE (email)
)


2022-05-11 02:13:10,229 [INFO] sqlalchemy.engine.Engine: [no key 0.00044s] ()
2022-05-11 02:13:10,230 [INFO] sqlalchemy.engine.Engine: 
CREATE TABLE records (
	id INTEGER NOT NULL, 
	amount FLOAT, 
	type VARCHAR(100), 
	user_id INTEGER, 
	PRIMARY KEY (id), 
	FOREIGN KEY(user_id) REFERENCES users (id)
)


2022-05-11 02:13:10,231 [INFO] sqlalchemy.engine.Engine: [no key 0.00049s] ()
2022-05-11 02:13:10,231 [INFO] sqlalchemy.engine.Engine: COMMIT
2022-05-11 02:13:10,235 [INFO] sqlalchemy.engine.Engine: BEGIN (implicit)
2022-05-11 02:13:10,236 [INFO] sqlalchemy.engine.Engine: PRAGMA main.table_info("records")
2022-05-11 02:13:10,236 [INFO] sqlalchemy.engine.Engine: [raw sql] ()
2022-05-11 02:13:10,237 [INFO] sqlalchemy.engine.Engine: PRAGMA main.table_info("users")
2022-05-11 02:13:10,238 [INFO] sqlalchemy.engine.Engine: [raw sql] ()
2022-05-11 02:13:10,238 [INFO] sqlalchemy.engine.Engine: COMMIT
2022-05-11 02:13:10,241 [INFO] sqlalchemy.engine.Engine: BEGIN (implicit)
2022-05-11 02:13:10,242 [INFO] sqlalchemy.engine.Engine: PRAGMA main.table_info("records")
2022-05-11 02:13:10,242 [INFO] sqlalchemy.engine.Engine: [raw sql] ()
2022-05-11 02:13:10,243 [INFO] sqlalchemy.engine.Engine: PRAGMA main.table_info("users")
2022-05-11 02:13:10,243 [INFO] sqlalchemy.engine.Engine: [raw sql] ()
2022-05-11 02:13:10,244 [INFO] sqlalchemy.engine.Engine: COMMIT
2022-05-11 02:13:10,464 [INFO] sqlalchemy.engine.Engine: BEGIN (implicit)
2022-05-11 02:13:10,464 [INFO] sqlalchemy.engine.Engine: PRAGMA main.table_info("records")
2022-05-11 02:13:10,465 [INFO] sqlalchemy.engine.Engine: [raw sql] ()
2022-05-11 02:13:10,465 [INFO] sqlalchemy.engine.Engine: PRAGMA temp.table_info("records")
2022-05-11 02:13:10,466 [INFO] sqlalchemy.engine.Engine: [raw sql] ()
2022-05-11 02:13:10,466 [INFO] sqlalchemy.engine.Engine: PRAGMA main.table_info("users")
2022-05-11 02:13:10,467 [INFO] sqlalchemy.engine.Engine: [raw sql] ()
2022-05-11 02:13:10,467 [INFO] sqlalchemy.engine.Engine: PRAGMA temp.table_info("users")
2022-05-11 02:13:10,468 [INFO] sqlalchemy.engine.Engine: [raw sql] ()
2022-05-11 02:13:10,469 [INFO] sqlalchemy.engine.Engine: 
CREATE TABLE users (
	id INTEGER NOT NULL, 
	email VARCHAR(120) NOT NULL, 
	password VARCHAR(300) NOT NULL, 
	balance FLOAT, 
	about VARCHAR(300), 
	authenticated BOOLEAN, 
	registered_on DATETIME, 
	is_active BOOLEAN DEFAULT '1' NOT NULL, 
	is_admin BOOLEAN DEFAULT '0' NOT NULL, 
	PRIMARY KEY (id), 
	UNIQUE (email)
)


2022-05-11 02:13:10,470 [INFO] sqlalchemy.engine.Engine: [no key 0.00044s] ()
2022-05-11 02:13:10,470 [INFO] sqlalchemy.engine.Engine: 
CREATE TABLE records (
	id INTEGER NOT NULL, 
	amount FLOAT, 
	type VARCHAR(100), 
	user_id INTEGER, 
	PRIMARY KEY (id), 
	FOREIGN KEY(user_id) REFERENCES users (id)
)


2022-05-11 02:13:10,471 [INFO] sqlalchemy.engine.Engine: [no key 0.00052s] ()
2022-05-11 02:13:10,472 [INFO] sqlalchemy.engine.Engine: COMMIT
2022-05-11 02:13:10,518 [INFO] sqlalchemy.engine.Engine: BEGIN (implicit)
2022-05-11 02:13:10,518 [INFO] sqlalchemy.engine.Engine: PRAGMA main.table_info("records")
2022-05-11 02:13:10,519 [INFO] sqlalchemy.engine.Engine: [raw sql] ()
2022-05-11 02:13:10,520 [INFO] sqlalchemy.engine.Engine: PRAGMA temp.table_info("records")
2022-05-11 02:13:10,521 [INFO] sqlalchemy.engine.Engine: [raw sql] ()
2022-05-11 02:13:10,521 [INFO] sqlalchemy.engine.Engine: PRAGMA main.table_info("users")
2022-05-11 02:13:10,522 [INFO] sqlalchemy.engine.Engine: [raw sql] ()
2022-05-11 02:13:10,523 [INFO] sqlalchemy.engine.Engine: PRAGMA temp.table_info("users")
2022-05-11 02:13:10,523 [INFO] sqlalchemy.engine.Engine: [raw sql] ()
2022-05-11 02:13:10,524 [INFO] sqlalchemy.engine.Engine: 
CREATE TABLE users (
	id INTEGER NOT NULL, 
	email VARCHAR(120) NOT NULL, 
	password VARCHAR(300) NOT NULL, 
	balance FLOAT, 
	about VARCHAR(300), 
	authenticated BOOLEAN, 
	registered_on DATETIME, 
	is_active BOOLEAN DEFAULT '1' NOT NULL, 
	is_admin BOOLEAN DEFAULT '0' NOT NULL, 
	PRIMARY KEY (id), 
	UNIQUE (email)
)


2022-05-11 02:13:10,524 [INFO] sqlalchemy.engine.Engine: [no key 0.00043s] ()
2022-05-11 02:13:10,525 [INFO] sqlalchemy.engine.Engine: 
CREATE TABLE records (
	id INTEGER NOT NULL, 
	amount FLOAT, 
	type VARCHAR(100), 
	user_id INTEGER, 
	PRIMARY KEY (id), 
	FOREIGN KEY(user_id) REFERENCES users (id)
)


2022-05-11 02:13:10,525 [INFO] sqlalchemy.engine.Engine: [no key 0.00040s] ()
2022-05-11 02:13:10,526 [INFO] sqlalchemy.engine.Engine: COMMIT
2022-05-11 02:13:10,543 [INFO] sqlalchemy.engine.Engine: BEGIN (implicit)
2022-05-11 02:13:10,543 [INFO] sqlalchemy.engine.Engine: PRAGMA main.table_info("records")
2022-05-11 02:13:10,544 [INFO] sqlalchemy.engine.Engine: [raw sql] ()
2022-05-11 02:13:10,544 [INFO] sqlalchemy.engine.Engine: PRAGMA temp.table_info("records")
2022-05-11 02:13:10,545 [INFO] sqlalchemy.engine.Engine: [raw sql] ()
2022-05-11 02:13:10,545 [INFO] sqlalchemy.engine.Engine: PRAGMA main.table_info("users")
2022-05-11 02:13:10,546 [INFO] sqlalchemy.engine.Engine: [raw sql] ()
2022-05-11 02:13:10,546 [INFO] sqlalchemy.engine.Engine: PRAGMA temp.table_info("users")
2022-05-11 02:13:10,547 [INFO] sqlalchemy.engine.Engine: [raw sql] ()
2022-05-11 02:13:10,548 [INFO] sqlalchemy.engine.Engine: 
CREATE TABLE users (
	id INTEGER NOT NULL, 
	email VARCHAR(120) NOT NULL, 
	password VARCHAR(300) NOT NULL, 
	balance FLOAT, 
	about VARCHAR(300), 
	authenticated BOOLEAN, 
	registered_on DATETIME, 
	is_active BOOLEAN DEFAULT '1' NOT NULL, 
	is_admin BOOLEAN DEFAULT '0' NOT NULL, 
	PRIMARY KEY (id), 
	UNIQUE (email)
)


2022-05-11 02:13:10,549 [INFO] sqlalchemy.engine.Engine: [no key 0.00060s] ()
2022-05-11 02:13:10,550 [INFO] sqlalchemy.engine.Engine: 
CREATE TABLE records (
	id INTEGER NOT NULL, 
	amount FLOAT, 
	type VARCHAR(100), 
	user_id INTEGER, 
	PRIMARY KEY (id), 
	FOREIGN KEY(user_id) REFERENCES users (id)
)


2022-05-11 02:13:10,550 [INFO] sqlalchemy.engine.Engine: [no key 0.00038s] ()
2022-05-11 02:13:10,551 [INFO] sqlalchemy.engine.Engine: COMMIT
2022-05-11 02:13:10,567 [INFO] sqlalchemy.engine.Engine: BEGIN (implicit)
2022-05-11 02:13:10,568 [INFO] sqlalchemy.engine.Engine: PRAGMA main.table_info("records")
2022-05-11 02:13:10,568 [INFO] sqlalchemy.engine.Engine: [raw sql] ()
2022-05-11 02:13:10,569 [INFO] sqlalchemy.engine.Engine: PRAGMA temp.table_info("records")
2022-05-11 02:13:10,569 [INFO] sqlalchemy.engine.Engine: [raw sql] ()
2022-05-11 02:13:10,570 [INFO] sqlalchemy.engine.Engine: PRAGMA main.table_info("users")
2022-05-11 02:13:10,571 [INFO] sqlalchemy.engine.Engine: [raw sql] ()
2022-05-11 02:13:10,571 [INFO] sqlalchemy.engine.Engine: PRAGMA temp.table_info("users")
2022-05-11 02:13:10,572 [INFO] sqlalchemy.engine.Engine: [raw sql] ()
2022-05-11 02:13:10,573 [INFO] sqlalchemy.engine.Engine: 
CREATE TABLE users (
	id INTEGER NOT NULL, 
	email VARCHAR(120) NOT NULL, 
	password VARCHAR(300) NOT NULL, 
	balance FLOAT, 
	about VARCHAR(300), 
	authenticated BOOLEAN, 
	registered_on DATETIME, 
	is_active BOOLEAN DEFAULT '1' NOT NULL, 
	is_admin BOOLEAN DEFAULT '0' NOT NULL, 
	PRIMARY KEY (id), 
	UNIQUE (email)
)


2022-05-11 02:13:10,573 [INFO] sqlalchemy.engine.Engine: [no key 0.00044s] ()
2022-05-11 02:13:10,574 [INFO] sqlalchemy.engine.Engine: 
CREATE TABLE records (
	id INTEGER NOT NULL, 
	amount FLOAT, 
	type VARCHAR(100), 
	user_id INTEGER, 
	PRIMARY KEY (id), 
	FOREIGN KEY(user_id) REFERENCES users (id)
)


2022-05-11 02:13:10,574 [INFO] sqlalchemy.engine.Engine: [no key 0.00042s] ()
2022-05-11 02:13:10,575 [INFO] sqlalchemy.engine.Engine: COMMIT
2022-05-11 02:13:10,595 [INFO] sqlalchemy.engine.Engine: BEGIN (implicit)
2022-05-11 02:13:10,596 [INFO] sqlalchemy.engine.Engine: PRAGMA main.table_info("records")
2022-05-11 02:13:10,597 [INFO] sqlalchemy.engine.Engine: [raw sql] ()
2022-05-11 02:13:10,597 [INFO] sqlalchemy.engine.Engine: PRAGMA temp.table_info("records")
2022-05-11 02:13:10,598 [INFO] sqlalchemy.engine.Engine: [raw sql] ()
2022-05-11 02:13:10,599 [INFO] sqlalchemy.engine.Engine: PRAGMA main.table_info("users")
2022-05-11 02:13:10,599 [INFO] sqlalchemy.engine.Engine: [raw sql] ()
2022-05-11 02:13:10,600 [INFO] sqlalchemy.engine.Engine: PRAGMA temp.table_info("users")
2022-05-11 02:13:10,601 [INFO] sqlalchemy.engine.Engine: [raw sql] ()
2022-05-11 02:13:10,602 [INFO] sqlalchemy.engine.Engine: 
CREATE TABLE users (
	id INTEGER NOT NULL, 
	email VARCHAR(120) NOT NULL, 
	password VARCHAR(300) NOT NULL, 
	balance FLOAT, 
	about VARCHAR(300), 
	authenticated BOOLEAN, 
	registered_on DATETIME, 
	is_active BOOLEAN DEFAULT '1' NOT NULL, 
	is_admin BOOLEAN DEFAULT '0' NOT NULL, 
	PRIMARY KEY (id), 
	UNIQUE (email)
)


2022-05-11 02:13:10,602 [INFO] sqlalchemy.engine.Engine: [no key 0.00043s] ()
2022-05-11 02:13:10,603 [INFO] sqlalchemy.engine.Engine: 
CREATE TABLE records (
	id INTEGER NOT NULL, 
	amount FLOAT, 
	type VARCHAR(100), 
	user_id INTEGER, 
	PRIMARY KEY (id), 
	FOREIGN KEY(user_id) REFERENCES users (id)
)


2022-05-11 02:13:10,603 [INFO] sqlalchemy.engine.Engine: [no key 0.00041s] ()
2022-05-11 02:13:10,604 [INFO] sqlalchemy.engine.Engine: COMMIT
2022-05-11 02:13:10,607 [INFO] sqlalchemy.engine.Engine: BEGIN (implicit)
2022-05-11 02:13:10,608 [INFO] sqlalchemy.engine.Engine: PRAGMA main.table_info("records")
2022-05-11 02:13:10,608 [INFO] sqlalchemy.engine.Engine: [raw sql] ()
2022-05-11 02:13:10,609 [INFO] sqlalchemy.engine.Engine: PRAGMA main.table_info("users")
2022-05-11 02:13:10,610 [INFO] sqlalchemy.engine.Engine: [raw sql] ()
2022-05-11 02:13:10,611 [INFO] sqlalchemy.engine.Engine: COMMIT
2022-05-11 02:13:10,614 [INFO] sqlalchemy.engine.Engine: BEGIN (implicit)
2022-05-11 02:13:10,614 [INFO] sqlalchemy.engine.Engine: PRAGMA main.table_info("records")
2022-05-11 02:13:10,615 [INFO] sqlalchemy.engine.Engine: [raw sql] ()
2022-05-11 02:13:10,615 [INFO] sqlalchemy.engine.Engine: PRAGMA main.table_info("users")
2022-05-11 02:13:10,616 [INFO] sqlalchemy.engine.Engine: [raw sql] ()
2022-05-11 02:13:10,616 [INFO] sqlalchemy.engine.Engine: COMMIT
2022-05-11 02:13:10,842 [INFO] sqlalchemy.engine.Engine: BEGIN (implicit)
2022-05-11 02:13:10,843 [INFO] sqlalchemy.engine.Engine: PRAGMA main.table_info("records")
2022-05-11 02:13:10,843 [INFO] sqlalchemy.engine.Engine: [raw sql] ()
2022-05-11 02:13:10,844 [INFO] sqlalchemy.engine.Engine: PRAGMA temp.table_info("records")
2022-05-11 02:13:10,845 [INFO] sqlalchemy.engine.Engine: [raw sql] ()
2022-05-11 02:13:10,846 [INFO] sqlalchemy.engine.Engine: PRAGMA main.table_info("users")
2022-05-11 02:13:10,846 [INFO] sqlalchemy.engine.Engine: [raw sql] ()
2022-05-11 02:13:10,847 [INFO] sqlalchemy.engine.Engine: PRAGMA temp.table_info("users")
2022-05-11 02:13:10,847 [INFO] sqlalchemy.engine.Engine: [raw sql] ()
2022-05-11 02:13:10,849 [INFO] sqlalchemy.engine.Engine: 
CREATE TABLE users (
	id INTEGER NOT NULL, 
	email VARCHAR(120) NOT NULL, 
	password VARCHAR(300) NOT NULL, 
	balance FLOAT, 
	about VARCHAR(300), 
	authenticated BOOLEAN, 
	registered_on DATETIME, 
	is_active BOOLEAN DEFAULT '1' NOT NULL, 
	is_admin BOOLEAN DEFAULT '0' NOT NULL, 
	PRIMARY KEY (id), 
	UNIQUE (email)
)


2022-05-11 02:13:10,849 [INFO] sqlalchemy.engine.Engine: [no key 0.00045s] ()
2022-05-11 02:13:10,850 [INFO] sqlalchemy.engine.Engine: 
CREATE TABLE records (
	id INTEGER NOT NULL, 
	amount FLOAT, 
	type VARCHAR(100), 
	user_id INTEGER, 
	PRIMARY KEY (id), 
	FOREIGN KEY(user_id) REFERENCES users (id)
)


2022-05-11 02:13:10,851 [INFO] sqlalchemy.engine.Engine: [no key 0.00056s] ()
2022-05-11 02:13:10,851 [INFO] sqlalchemy.engine.Engine: COMMIT
2022-05-11 02:13:10,855 [INFO] sqlalchemy.engine.Engine: BEGIN (implicit)
2022-05-11 02:13:10,855 [INFO] sqlalchemy.engine.Engine: PRAGMA main.table_info("records")
2022-05-11 02:13:10,856 [INFO] sqlalchemy.engine.Engine: [raw sql] ()
2022-05-11 02:13:10,856 [INFO] sqlalchemy.engine.Engine: PRAGMA main.table_info("users")
2022-05-11 02:13:10,857 [INFO] sqlalchemy.engine.Engine: [raw sql] ()
2022-05-11 02:13:10,858 [INFO] sqlalchemy.engine.Engine: COMMIT
2022-05-11 02:13:10,859 [INFO] sqlalchemy.engine.Engine: BEGIN (implicit)
2022-05-11 02:13:10,860 [INFO] sqlalchemy.engine.Engine: PRAGMA main.table_info("records")
2022-05-11 02:13:10,860 [INFO] sqlalchemy.engine.Engine: [raw sql] ()
2022-05-11 02:13:10,861 [INFO] sqlalchemy.engine.Engine: PRAGMA main.table_info("users")
2022-05-11 02:13:10,861 [INFO] sqlalchemy.engine.Engine: [raw sql] ()
2022-05-11 02:13:10,862 [INFO] sqlalchemy.engine.Engine: COMMIT
2022-05-11 02:13:11,129 [INFO] sqlalchemy.engine.Engine: BEGIN (implicit)
2022-05-11 02:13:11,130 [INFO] sqlalchemy.engine.Engine: PRAGMA main.table_info("records")
2022-05-11 02:13:11,130 [INFO] sqlalchemy.engine.Engine: [raw sql] ()
2022-05-11 02:13:11,131 [INFO] sqlalchemy.engine.Engine: PRAGMA temp.table_info("records")
2022-05-11 02:13:11,131 [INFO] sqlalchemy.engine.Engine: [raw sql] ()
2022-05-11 02:13:11,132 [INFO] sqlalchemy.engine.Engine: PRAGMA main.table_info("users")
2022-05-11 02:13:11,133 [INFO] sqlalchemy.engine.Engine: [raw sql] ()
2022-05-11 02:13:11,133 [INFO] sqlalchemy.engine.Engine: PRAGMA temp.table_info("users")
2022-05-11 02:13:11,134 [INFO] sqlalchemy.engine.Engine: [raw sql] ()
2022-05-11 02:13:11,135 [INFO] sqlalchemy.engine.Engine: 
CREATE TABLE users (
	id INTEGER NOT NULL, 
	email VARCHAR(120) NOT NULL, 
	password VARCHAR(300) NOT NULL, 
	balance FLOAT, 
	about VARCHAR(300), 
	authenticated BOOLEAN, 
	registered_on DATETIME, 
	is_active BOOLEAN DEFAULT '1' NOT NULL, 
	is_admin BOOLEAN DEFAULT '0' NOT NULL, 
	PRIMARY KEY (id), 
	UNIQUE (email)
)


2022-05-11 02:13:11,135 [INFO] sqlalchemy.engine.Engine: [no key 0.00045s] ()
2022-05-11 02:13:11,137 [INFO] sqlalchemy.engine.Engine: 
CREATE TABLE records (
	id INTEGER NOT NULL, 
	amount FLOAT, 
	type VARCHAR(100), 
	user_id INTEGER, 
	PRIMARY KEY (id), 
	FOREIGN KEY(user_id) REFERENCES users (id)
)


2022-05-11 02:13:11,138 [INFO] sqlalchemy.engine.Engine: [no key 0.00106s] ()
2022-05-11 02:13:11,139 [INFO] sqlalchemy.engine.Engine: COMMIT
2022-05-11 02:13:11,144 [INFO] sqlalchemy.engine.Engine: BEGIN (implicit)
2022-05-11 02:13:11,144 [INFO] sqlalchemy.engine.Engine: PRAGMA main.table_info("records")
2022-05-11 02:13:11,145 [INFO] sqlalchemy.engine.Engine: [raw sql] ()
2022-05-11 02:13:11,145 [INFO] sqlalchemy.engine.Engine: PRAGMA main.table_info("users")
2022-05-11 02:13:11,146 [INFO] sqlalchemy.engine.Engine: [raw sql] ()
2022-05-11 02:13:11,146 [INFO] sqlalchemy.engine.Engine: COMMIT
2022-05-11 02:13:11,148 [INFO] sqlalchemy.engine.Engine: BEGIN (implicit)
2022-05-11 02:13:11,149 [INFO] sqlalchemy.engine.Engine: PRAGMA main.table_info("records")
2022-05-11 02:13:11,149 [INFO] sqlalchemy.engine.Engine: [raw sql] ()
2022-05-11 02:13:11,150 [INFO] sqlalchemy.engine.Engine: PRAGMA main.table_info("users")
2022-05-11 02:13:11,150 [INFO] sqlalchemy.engine.Engine: [raw sql] ()
2022-05-11 02:13:11,151 [INFO] sqlalchemy.engine.Engine: COMMIT
2022-05-11 02:13:11,367 [INFO] sqlalchemy.engine.Engine: BEGIN (implicit)
2022-05-11 02:13:11,368 [INFO] sqlalchemy.engine.Engine: PRAGMA main.table_info("records")
2022-05-11 02:13:11,369 [INFO] sqlalchemy.engine.Engine: [raw sql] ()
2022-05-11 02:13:11,370 [INFO] sqlalchemy.engine.Engine: PRAGMA temp.table_info("records")
2022-05-11 02:13:11,370 [INFO] sqlalchemy.engine.Engine: [raw sql] ()
2022-05-11 02:13:11,371 [INFO] sqlalchemy.engine.Engine: PRAGMA main.table_info("users")
2022-05-11 02:13:11,371 [INFO] sqlalchemy.engine.Engine: [raw sql] ()
2022-05-11 02:13:11,372 [INFO] sqlalchemy.engine.Engine: PRAGMA temp.table_info("users")
2022-05-11 02:13:11,372 [INFO] sqlalchemy.engine.Engine: [raw sql] ()
2022-05-11 02:13:11,373 [INFO] sqlalchemy.engine.Engine: 
CREATE TABLE users (
	id INTEGER NOT NULL, 
	email VARCHAR(120) NOT NULL, 
	password VARCHAR(300) NOT NULL, 
	balance FLOAT, 
	about VARCHAR(300), 
	authenticated BOOLEAN, 
	registered_on DATETIME, 
	is_active BOOLEAN DEFAULT '1' NOT NULL, 
	is_admin BOOLEAN DEFAULT '0' NOT NULL, 
	PRIMARY KEY (id), 
	UNIQUE (email)
)


2022-05-11 02:13:11,374 [INFO] sqlalchemy.engine.Engine: [no key 0.00049s] ()
2022-05-11 02:13:11,375 [INFO] sqlalchemy.engine.Engine: 
CREATE TABLE records (
	id INTEGER NOT NULL, 
	amount FLOAT, 
	type VARCHAR(100), 
	user_id INTEGER, 
	PRIMARY KEY (id), 
	FOREIGN KEY(user_id) REFERENCES users (id)
)


2022-05-11 02:13:11,375 [INFO] sqlalchemy.engine.Engine: [no key 0.00048s] ()
2022-05-11 02:13:11,376 [INFO] sqlalchemy.engine.Engine: COMMIT
2022-05-11 02:13:11,382 [INFO] sqlalchemy.engine.Engine: BEGIN (implicit)
2022-05-11 02:13:11,384 [INFO] sqlalchemy.engine.Engine: INSERT INTO users (email, password, balance, about, authenticated, registered_on) VALUES (?, ?, ?, ?, ?, ?)
2022-05-11 02:13:11,384 [INFO] sqlalchemy.engine.Engine: [generated in 0.00068s] ('keith@webizly.com', 'testtest', 0.0, None, 0, '2022-05-11 02:13:11.381441')
2022-05-11 02:13:11,385 [INFO] sqlalchemy.engine.Engine: COMMIT
2022-05-11 02:13:11,387 [INFO] sqlalchemy.engine.Engine: BEGIN (implicit)
2022-05-11 02:13:11,390 [INFO] sqlalchemy.engine.Engine: SELECT users.is_active AS users_is_active, users.id AS users_id, users.email AS users_email, users.password AS users_password, users.balance AS users_balance, users.about AS users_about, users.authenticated AS users_authenticated, users.registered_on AS users_registered_on, users.is_admin AS users_is_admin 
FROM users 
WHERE users.id = ?
2022-05-11 02:13:11,390 [INFO] sqlalchemy.engine.Engine: [generated in 0.00055s] (1,)
2022-05-11 02:13:11,394 [INFO] sqlalchemy.engine.Engine: SELECT count(*) AS count_1 
FROM (SELECT users.is_active AS users_is_active, users.id AS users_id, users.email AS users_email, users.password AS users_password, users.balance AS users_balance, users.about AS users_about, users.authenticated AS users_authenticated, users.registered_on AS users_registered_on, users.is_admin AS users_is_admin 
FROM users) AS anon_1
2022-05-11 02:13:11,395 [INFO] sqlalchemy.engine.Engine: [generated in 0.00053s] ()
2022-05-11 02:13:11,400 [INFO] sqlalchemy.engine.Engine: BEGIN (implicit)
2022-05-11 02:13:11,401 [INFO] sqlalchemy.engine.Engine: PRAGMA main.table_info("records")
2022-05-11 02:13:11,401 [INFO] sqlalchemy.engine.Engine: [raw sql] ()
2022-05-11 02:13:11,402 [INFO] sqlalchemy.engine.Engine: PRAGMA main.table_info("users")
2022-05-11 02:13:11,403 [INFO] sqlalchemy.engine.Engine: [raw sql] ()
2022-05-11 02:13:11,404 [INFO] sqlalchemy.engine.Engine: COMMIT
2022-05-11 02:13:11,407 [INFO] sqlalchemy.engine.Engine: BEGIN (implicit)
2022-05-11 02:13:11,408 [INFO] sqlalchemy.engine.Engine: PRAGMA main.table_info("records")
2022-05-11 02:13:11,408 [INFO] sqlalchemy.engine.Engine: [raw sql] ()
2022-05-11 02:13:11,409 [INFO] sqlalchemy.engine.Engine: PRAGMA main.table_info("users")
2022-05-11 02:13:11,410 [INFO] sqlalchemy.engine.Engine: [raw sql] ()
2022-05-11 02:13:11,410 [INFO] sqlalchemy.engine.Engine: COMMIT
2022-05-11 02:13:11,779 [INFO] sqlalchemy.engine.Engine: SELECT records.id AS records_id, records.amount AS records_amount, records.type AS records_type, records.user_id AS records_user_id 
FROM records 
WHERE ? = records.user_id
2022-05-11 02:13:11,780 [INFO] sqlalchemy.engine.Engine: [generated in 0.00070s] (1,)
2022-05-11 02:13:11,782 [INFO] sqlalchemy.engine.Engine: ROLLBACK
2022-05-11 02:13:11,797 [INFO] sqlalchemy.engine.Engine: BEGIN (implicit)
2022-05-11 02:13:11,798 [INFO] sqlalchemy.engine.Engine: PRAGMA main.table_info("records")
2022-05-11 02:13:11,798 [INFO] sqlalchemy.engine.Engine: [raw sql] ()
2022-05-11 02:13:11,799 [INFO] sqlalchemy.engine.Engine: PRAGMA temp.table_info("records")
2022-05-11 02:13:11,799 [INFO] sqlalchemy.engine.Engine: [raw sql] ()
2022-05-11 02:13:11,800 [INFO] sqlalchemy.engine.Engine: PRAGMA main.table_info("users")
2022-05-11 02:13:11,800 [INFO] sqlalchemy.engine.Engine: [raw sql] ()
2022-05-11 02:13:11,801 [INFO] sqlalchemy.engine.Engine: PRAGMA temp.table_info("users")
2022-05-11 02:13:11,802 [INFO] sqlalchemy.engine.Engine: [raw sql] ()
2022-05-11 02:13:11,803 [INFO] sqlalchemy.engine.Engine: 
CREATE TABLE users (
	id INTEGER NOT NULL, 
	email VARCHAR(120) NOT NULL, 
	password VARCHAR(300) NOT NULL, 
	balance FLOAT, 
	about VARCHAR(300), 
	authenticated BOOLEAN, 
	registered_on DATETIME, 
	is_active BOOLEAN DEFAULT '1' NOT NULL, 
	is_admin BOOLEAN DEFAULT '0' NOT NULL, 
	PRIMARY KEY (id), 
	UNIQUE (email)
)


2022-05-11 02:13:11,803 [INFO] sqlalchemy.engine.Engine: [no key 0.00049s] ()
2022-05-11 02:13:11,804 [INFO] sqlalchemy.engine.Engine: 
CREATE TABLE records (
	id INTEGER NOT NULL, 
	amount FLOAT, 
	type VARCHAR(100), 
	user_id INTEGER, 
	PRIMARY KEY (id), 
	FOREIGN KEY(user_id) REFERENCES users (id)
)


2022-05-11 02:13:11,805 [INFO] sqlalchemy.engine.Engine: [no key 0.00053s] ()
2022-05-11 02:13:11,805 [INFO] sqlalchemy.engine.Engine: COMMIT
2022-05-11 02:13:11,807 [INFO] sqlalchemy.engine.Engine: BEGIN (implicit)
2022-05-11 02:13:11,810 [INFO] sqlalchemy.engine.Engine: SELECT count(*) AS count_1 
FROM (SELECT users.is_active AS users_is_active, users.id AS users_id, users.email AS users_email, users.password AS users_password, users.balance AS users_balance, users.about AS users_about, users.authenticated AS users_authenticated, users.registered_on AS users_registered_on, users.is_admin AS users_is_admin 
FROM users) AS anon_1
2022-05-11 02:13:11,810 [INFO] sqlalchemy.engine.Engine: [generated in 0.00053s] ()
2022-05-11 02:13:11,814 [INFO] sqlalchemy.engine.Engine: BEGIN (implicit)
2022-05-11 02:13:11,814 [INFO] sqlalchemy.engine.Engine: PRAGMA main.table_info("records")
2022-05-11 02:13:11,814 [INFO] sqlalchemy.engine.Engine: [raw sql] ()
2022-05-11 02:13:11,815 [INFO] sqlalchemy.engine.Engine: PRAGMA main.table_info("users")
2022-05-11 02:13:11,815 [INFO] sqlalchemy.engine.Engine: [raw sql] ()
2022-05-11 02:13:11,816 [INFO] sqlalchemy.engine.Engine: COMMIT
2022-05-11 02:13:11,819 [INFO] sqlalchemy.engine.Engine: BEGIN (implicit)
2022-05-11 02:13:11,819 [INFO] sqlalchemy.engine.Engine: PRAGMA main.table_info("records")
2022-05-11 02:13:11,820 [INFO] sqlalchemy.engine.Engine: [raw sql] ()
2022-05-11 02:13:11,821 [INFO] sqlalchemy.engine.Engine: PRAGMA main.table_info("users")
2022-05-11 02:13:11,821 [INFO] sqlalchemy.engine.Engine: [raw sql] ()
2022-05-11 02:13:11,822 [INFO] sqlalchemy.engine.Engine: COMMIT
2022-05-11 02:13:11,839 [INFO] sqlalchemy.engine.Engine: ROLLBACK
2022-05-11 04:18:55,858 [INFO] sqlalchemy.engine.Engine: BEGIN (implicit)
2022-05-11 04:18:55,860 [INFO] sqlalchemy.engine.Engine: PRAGMA main.table_info("records")
2022-05-11 04:18:55,860 [INFO] sqlalchemy.engine.Engine: [raw sql] ()
2022-05-11 04:18:55,861 [INFO] sqlalchemy.engine.Engine: PRAGMA temp.table_info("records")
2022-05-11 04:18:55,862 [INFO] sqlalchemy.engine.Engine: [raw sql] ()
2022-05-11 04:18:55,862 [INFO] sqlalchemy.engine.Engine: PRAGMA main.table_info("users")
2022-05-11 04:18:55,863 [INFO] sqlalchemy.engine.Engine: [raw sql] ()
2022-05-11 04:18:55,863 [INFO] sqlalchemy.engine.Engine: PRAGMA temp.table_info("users")
2022-05-11 04:18:55,864 [INFO] sqlalchemy.engine.Engine: [raw sql] ()
2022-05-11 04:18:55,865 [INFO] sqlalchemy.engine.Engine: 
CREATE TABLE users (
	id INTEGER NOT NULL, 
	email VARCHAR(120) NOT NULL, 
	password VARCHAR(300) NOT NULL, 
	balance FLOAT, 
	about VARCHAR(300), 
	authenticated BOOLEAN, 
	registered_on DATETIME, 
	is_active BOOLEAN DEFAULT '1' NOT NULL, 
	is_admin BOOLEAN DEFAULT '0' NOT NULL, 
	PRIMARY KEY (id), 
	UNIQUE (email)
)


2022-05-11 04:18:55,865 [INFO] sqlalchemy.engine.Engine: [no key 0.00045s] ()
2022-05-11 04:18:55,866 [INFO] sqlalchemy.engine.Engine: 
CREATE TABLE records (
	id INTEGER NOT NULL, 
	amount FLOAT, 
	type VARCHAR(100), 
	user_id INTEGER, 
	PRIMARY KEY (id), 
	FOREIGN KEY(user_id) REFERENCES users (id)
)


2022-05-11 04:18:55,867 [INFO] sqlalchemy.engine.Engine: [no key 0.00051s] ()
2022-05-11 04:18:55,867 [INFO] sqlalchemy.engine.Engine: COMMIT
2022-05-11 04:18:55,871 [INFO] sqlalchemy.engine.Engine: BEGIN (implicit)
2022-05-11 04:18:55,872 [INFO] sqlalchemy.engine.Engine: PRAGMA main.table_info("records")
2022-05-11 04:18:55,872 [INFO] sqlalchemy.engine.Engine: [raw sql] ()
2022-05-11 04:18:55,873 [INFO] sqlalchemy.engine.Engine: PRAGMA main.table_info("users")
2022-05-11 04:18:55,873 [INFO] sqlalchemy.engine.Engine: [raw sql] ()
2022-05-11 04:18:55,874 [INFO] sqlalchemy.engine.Engine: COMMIT
2022-05-11 04:18:55,876 [INFO] sqlalchemy.engine.Engine: BEGIN (implicit)
2022-05-11 04:18:55,876 [INFO] sqlalchemy.engine.Engine: PRAGMA main.table_info("records")
2022-05-11 04:18:55,877 [INFO] sqlalchemy.engine.Engine: [raw sql] ()
2022-05-11 04:18:55,877 [INFO] sqlalchemy.engine.Engine: PRAGMA main.table_info("users")
2022-05-11 04:18:55,878 [INFO] sqlalchemy.engine.Engine: [raw sql] ()
2022-05-11 04:18:55,878 [INFO] sqlalchemy.engine.Engine: COMMIT
2022-05-11 04:18:56,110 [INFO] sqlalchemy.engine.Engine: BEGIN (implicit)
2022-05-11 04:18:56,110 [INFO] sqlalchemy.engine.Engine: PRAGMA main.table_info("records")
2022-05-11 04:18:56,110 [INFO] sqlalchemy.engine.Engine: [raw sql] ()
2022-05-11 04:18:56,111 [INFO] sqlalchemy.engine.Engine: PRAGMA temp.table_info("records")
2022-05-11 04:18:56,112 [INFO] sqlalchemy.engine.Engine: [raw sql] ()
2022-05-11 04:18:56,112 [INFO] sqlalchemy.engine.Engine: PRAGMA main.table_info("users")
2022-05-11 04:18:56,112 [INFO] sqlalchemy.engine.Engine: [raw sql] ()
2022-05-11 04:18:56,113 [INFO] sqlalchemy.engine.Engine: PRAGMA temp.table_info("users")
2022-05-11 04:18:56,113 [INFO] sqlalchemy.engine.Engine: [raw sql] ()
2022-05-11 04:18:56,114 [INFO] sqlalchemy.engine.Engine: 
CREATE TABLE users (
	id INTEGER NOT NULL, 
	email VARCHAR(120) NOT NULL, 
	password VARCHAR(300) NOT NULL, 
	balance FLOAT, 
	about VARCHAR(300), 
	authenticated BOOLEAN, 
	registered_on DATETIME, 
	is_active BOOLEAN DEFAULT '1' NOT NULL, 
	is_admin BOOLEAN DEFAULT '0' NOT NULL, 
	PRIMARY KEY (id), 
	UNIQUE (email)
)


2022-05-11 04:18:56,114 [INFO] sqlalchemy.engine.Engine: [no key 0.00033s] ()
2022-05-11 04:18:56,115 [INFO] sqlalchemy.engine.Engine: 
CREATE TABLE records (
	id INTEGER NOT NULL, 
	amount FLOAT, 
	type VARCHAR(100), 
	user_id INTEGER, 
	PRIMARY KEY (id), 
	FOREIGN KEY(user_id) REFERENCES users (id)
)


2022-05-11 04:18:56,115 [INFO] sqlalchemy.engine.Engine: [no key 0.00033s] ()
2022-05-11 04:18:56,116 [INFO] sqlalchemy.engine.Engine: COMMIT
2022-05-11 04:18:56,147 [INFO] sqlalchemy.engine.Engine: BEGIN (implicit)
2022-05-11 04:18:56,148 [INFO] sqlalchemy.engine.Engine: PRAGMA main.table_info("records")
2022-05-11 04:18:56,148 [INFO] sqlalchemy.engine.Engine: [raw sql] ()
2022-05-11 04:18:56,149 [INFO] sqlalchemy.engine.Engine: PRAGMA temp.table_info("records")
2022-05-11 04:18:56,149 [INFO] sqlalchemy.engine.Engine: [raw sql] ()
2022-05-11 04:18:56,149 [INFO] sqlalchemy.engine.Engine: PRAGMA main.table_info("users")
2022-05-11 04:18:56,150 [INFO] sqlalchemy.engine.Engine: [raw sql] ()
2022-05-11 04:18:56,150 [INFO] sqlalchemy.engine.Engine: PRAGMA temp.table_info("users")
2022-05-11 04:18:56,151 [INFO] sqlalchemy.engine.Engine: [raw sql] ()
2022-05-11 04:18:56,151 [INFO] sqlalchemy.engine.Engine: 
CREATE TABLE users (
	id INTEGER NOT NULL, 
	email VARCHAR(120) NOT NULL, 
	password VARCHAR(300) NOT NULL, 
	balance FLOAT, 
	about VARCHAR(300), 
	authenticated BOOLEAN, 
	registered_on DATETIME, 
	is_active BOOLEAN DEFAULT '1' NOT NULL, 
	is_admin BOOLEAN DEFAULT '0' NOT NULL, 
	PRIMARY KEY (id), 
	UNIQUE (email)
)


2022-05-11 04:18:56,152 [INFO] sqlalchemy.engine.Engine: [no key 0.00036s] ()
2022-05-11 04:18:56,152 [INFO] sqlalchemy.engine.Engine: 
CREATE TABLE records (
	id INTEGER NOT NULL, 
	amount FLOAT, 
	type VARCHAR(100), 
	user_id INTEGER, 
	PRIMARY KEY (id), 
	FOREIGN KEY(user_id) REFERENCES users (id)
)


2022-05-11 04:18:56,152 [INFO] sqlalchemy.engine.Engine: [no key 0.00029s] ()
2022-05-11 04:18:56,153 [INFO] sqlalchemy.engine.Engine: COMMIT
2022-05-11 04:18:56,167 [INFO] sqlalchemy.engine.Engine: BEGIN (implicit)
2022-05-11 04:18:56,167 [INFO] sqlalchemy.engine.Engine: PRAGMA main.table_info("records")
2022-05-11 04:18:56,168 [INFO] sqlalchemy.engine.Engine: [raw sql] ()
2022-05-11 04:18:56,168 [INFO] sqlalchemy.engine.Engine: PRAGMA temp.table_info("records")
2022-05-11 04:18:56,169 [INFO] sqlalchemy.engine.Engine: [raw sql] ()
2022-05-11 04:18:56,169 [INFO] sqlalchemy.engine.Engine: PRAGMA main.table_info("users")
2022-05-11 04:18:56,169 [INFO] sqlalchemy.engine.Engine: [raw sql] ()
2022-05-11 04:18:56,170 [INFO] sqlalchemy.engine.Engine: PRAGMA temp.table_info("users")
2022-05-11 04:18:56,170 [INFO] sqlalchemy.engine.Engine: [raw sql] ()
2022-05-11 04:18:56,171 [INFO] sqlalchemy.engine.Engine: 
CREATE TABLE users (
	id INTEGER NOT NULL, 
	email VARCHAR(120) NOT NULL, 
	password VARCHAR(300) NOT NULL, 
	balance FLOAT, 
	about VARCHAR(300), 
	authenticated BOOLEAN, 
	registered_on DATETIME, 
	is_active BOOLEAN DEFAULT '1' NOT NULL, 
	is_admin BOOLEAN DEFAULT '0' NOT NULL, 
	PRIMARY KEY (id), 
	UNIQUE (email)
)


2022-05-11 04:18:56,171 [INFO] sqlalchemy.engine.Engine: [no key 0.00038s] ()
2022-05-11 04:18:56,172 [INFO] sqlalchemy.engine.Engine: 
CREATE TABLE records (
	id INTEGER NOT NULL, 
	amount FLOAT, 
	type VARCHAR(100), 
	user_id INTEGER, 
	PRIMARY KEY (id), 
	FOREIGN KEY(user_id) REFERENCES users (id)
)


2022-05-11 04:18:56,172 [INFO] sqlalchemy.engine.Engine: [no key 0.00031s] ()
2022-05-11 04:18:56,173 [INFO] sqlalchemy.engine.Engine: COMMIT
2022-05-11 04:18:56,185 [INFO] sqlalchemy.engine.Engine: BEGIN (implicit)
2022-05-11 04:18:56,186 [INFO] sqlalchemy.engine.Engine: PRAGMA main.table_info("records")
2022-05-11 04:18:56,186 [INFO] sqlalchemy.engine.Engine: [raw sql] ()
2022-05-11 04:18:56,187 [INFO] sqlalchemy.engine.Engine: PRAGMA temp.table_info("records")
2022-05-11 04:18:56,187 [INFO] sqlalchemy.engine.Engine: [raw sql] ()
2022-05-11 04:18:56,188 [INFO] sqlalchemy.engine.Engine: PRAGMA main.table_info("users")
2022-05-11 04:18:56,189 [INFO] sqlalchemy.engine.Engine: [raw sql] ()
2022-05-11 04:18:56,189 [INFO] sqlalchemy.engine.Engine: PRAGMA temp.table_info("users")
2022-05-11 04:18:56,190 [INFO] sqlalchemy.engine.Engine: [raw sql] ()
2022-05-11 04:18:56,191 [INFO] sqlalchemy.engine.Engine: 
CREATE TABLE users (
	id INTEGER NOT NULL, 
	email VARCHAR(120) NOT NULL, 
	password VARCHAR(300) NOT NULL, 
	balance FLOAT, 
	about VARCHAR(300), 
	authenticated BOOLEAN, 
	registered_on DATETIME, 
	is_active BOOLEAN DEFAULT '1' NOT NULL, 
	is_admin BOOLEAN DEFAULT '0' NOT NULL, 
	PRIMARY KEY (id), 
	UNIQUE (email)
)


2022-05-11 04:18:56,191 [INFO] sqlalchemy.engine.Engine: [no key 0.00054s] ()
2022-05-11 04:18:56,192 [INFO] sqlalchemy.engine.Engine: 
CREATE TABLE records (
	id INTEGER NOT NULL, 
	amount FLOAT, 
	type VARCHAR(100), 
	user_id INTEGER, 
	PRIMARY KEY (id), 
	FOREIGN KEY(user_id) REFERENCES users (id)
)


2022-05-11 04:18:56,192 [INFO] sqlalchemy.engine.Engine: [no key 0.00041s] ()
2022-05-11 04:18:56,193 [INFO] sqlalchemy.engine.Engine: COMMIT
2022-05-11 04:18:56,208 [INFO] sqlalchemy.engine.Engine: BEGIN (implicit)
2022-05-11 04:18:56,209 [INFO] sqlalchemy.engine.Engine: PRAGMA main.table_info("records")
2022-05-11 04:18:56,209 [INFO] sqlalchemy.engine.Engine: [raw sql] ()
2022-05-11 04:18:56,210 [INFO] sqlalchemy.engine.Engine: PRAGMA temp.table_info("records")
2022-05-11 04:18:56,210 [INFO] sqlalchemy.engine.Engine: [raw sql] ()
2022-05-11 04:18:56,211 [INFO] sqlalchemy.engine.Engine: PRAGMA main.table_info("users")
2022-05-11 04:18:56,211 [INFO] sqlalchemy.engine.Engine: [raw sql] ()
2022-05-11 04:18:56,211 [INFO] sqlalchemy.engine.Engine: PRAGMA temp.table_info("users")
2022-05-11 04:18:56,212 [INFO] sqlalchemy.engine.Engine: [raw sql] ()
2022-05-11 04:18:56,212 [INFO] sqlalchemy.engine.Engine: 
CREATE TABLE users (
	id INTEGER NOT NULL, 
	email VARCHAR(120) NOT NULL, 
	password VARCHAR(300) NOT NULL, 
	balance FLOAT, 
	about VARCHAR(300), 
	authenticated BOOLEAN, 
	registered_on DATETIME, 
	is_active BOOLEAN DEFAULT '1' NOT NULL, 
	is_admin BOOLEAN DEFAULT '0' NOT NULL, 
	PRIMARY KEY (id), 
	UNIQUE (email)
)


2022-05-11 04:18:56,213 [INFO] sqlalchemy.engine.Engine: [no key 0.00031s] ()
2022-05-11 04:18:56,213 [INFO] sqlalchemy.engine.Engine: 
CREATE TABLE records (
	id INTEGER NOT NULL, 
	amount FLOAT, 
	type VARCHAR(100), 
	user_id INTEGER, 
	PRIMARY KEY (id), 
	FOREIGN KEY(user_id) REFERENCES users (id)
)


2022-05-11 04:18:56,214 [INFO] sqlalchemy.engine.Engine: [no key 0.00033s] ()
2022-05-11 04:18:56,214 [INFO] sqlalchemy.engine.Engine: COMMIT
2022-05-11 04:18:56,217 [INFO] sqlalchemy.engine.Engine: BEGIN (implicit)
2022-05-11 04:18:56,217 [INFO] sqlalchemy.engine.Engine: PRAGMA main.table_info("records")
2022-05-11 04:18:56,218 [INFO] sqlalchemy.engine.Engine: [raw sql] ()
2022-05-11 04:18:56,218 [INFO] sqlalchemy.engine.Engine: PRAGMA main.table_info("users")
2022-05-11 04:18:56,218 [INFO] sqlalchemy.engine.Engine: [raw sql] ()
2022-05-11 04:18:56,219 [INFO] sqlalchemy.engine.Engine: COMMIT
2022-05-11 04:18:56,221 [INFO] sqlalchemy.engine.Engine: BEGIN (implicit)
2022-05-11 04:18:56,222 [INFO] sqlalchemy.engine.Engine: PRAGMA main.table_info("records")
2022-05-11 04:18:56,222 [INFO] sqlalchemy.engine.Engine: [raw sql] ()
2022-05-11 04:18:56,222 [INFO] sqlalchemy.engine.Engine: PRAGMA main.table_info("users")
2022-05-11 04:18:56,223 [INFO] sqlalchemy.engine.Engine: [raw sql] ()
2022-05-11 04:18:56,223 [INFO] sqlalchemy.engine.Engine: COMMIT
2022-05-11 04:18:56,361 [INFO] sqlalchemy.engine.Engine: BEGIN (implicit)
2022-05-11 04:18:56,362 [INFO] sqlalchemy.engine.Engine: PRAGMA main.table_info("records")
2022-05-11 04:18:56,362 [INFO] sqlalchemy.engine.Engine: [raw sql] ()
2022-05-11 04:18:56,363 [INFO] sqlalchemy.engine.Engine: PRAGMA temp.table_info("records")
2022-05-11 04:18:56,364 [INFO] sqlalchemy.engine.Engine: [raw sql] ()
2022-05-11 04:18:56,364 [INFO] sqlalchemy.engine.Engine: PRAGMA main.table_info("users")
2022-05-11 04:18:56,364 [INFO] sqlalchemy.engine.Engine: [raw sql] ()
2022-05-11 04:18:56,365 [INFO] sqlalchemy.engine.Engine: PRAGMA temp.table_info("users")
2022-05-11 04:18:56,365 [INFO] sqlalchemy.engine.Engine: [raw sql] ()
2022-05-11 04:18:56,366 [INFO] sqlalchemy.engine.Engine: 
CREATE TABLE users (
	id INTEGER NOT NULL, 
	email VARCHAR(120) NOT NULL, 
	password VARCHAR(300) NOT NULL, 
	balance FLOAT, 
	about VARCHAR(300), 
	authenticated BOOLEAN, 
	registered_on DATETIME, 
	is_active BOOLEAN DEFAULT '1' NOT NULL, 
	is_admin BOOLEAN DEFAULT '0' NOT NULL, 
	PRIMARY KEY (id), 
	UNIQUE (email)
)


2022-05-11 04:18:56,367 [INFO] sqlalchemy.engine.Engine: [no key 0.00045s] ()
2022-05-11 04:18:56,368 [INFO] sqlalchemy.engine.Engine: 
CREATE TABLE records (
	id INTEGER NOT NULL, 
	amount FLOAT, 
	type VARCHAR(100), 
	user_id INTEGER, 
	PRIMARY KEY (id), 
	FOREIGN KEY(user_id) REFERENCES users (id)
)


2022-05-11 04:18:56,368 [INFO] sqlalchemy.engine.Engine: [no key 0.00045s] ()
2022-05-11 04:18:56,369 [INFO] sqlalchemy.engine.Engine: COMMIT
2022-05-11 04:18:56,372 [INFO] sqlalchemy.engine.Engine: BEGIN (implicit)
2022-05-11 04:18:56,372 [INFO] sqlalchemy.engine.Engine: PRAGMA main.table_info("records")
2022-05-11 04:18:56,373 [INFO] sqlalchemy.engine.Engine: [raw sql] ()
2022-05-11 04:18:56,373 [INFO] sqlalchemy.engine.Engine: PRAGMA main.table_info("users")
2022-05-11 04:18:56,374 [INFO] sqlalchemy.engine.Engine: [raw sql] ()
2022-05-11 04:18:56,375 [INFO] sqlalchemy.engine.Engine: COMMIT
2022-05-11 04:18:56,377 [INFO] sqlalchemy.engine.Engine: BEGIN (implicit)
2022-05-11 04:18:56,378 [INFO] sqlalchemy.engine.Engine: PRAGMA main.table_info("records")
2022-05-11 04:18:56,378 [INFO] sqlalchemy.engine.Engine: [raw sql] ()
2022-05-11 04:18:56,379 [INFO] sqlalchemy.engine.Engine: PRAGMA main.table_info("users")
2022-05-11 04:18:56,379 [INFO] sqlalchemy.engine.Engine: [raw sql] ()
2022-05-11 04:18:56,379 [INFO] sqlalchemy.engine.Engine: COMMIT
2022-05-11 04:18:56,522 [INFO] sqlalchemy.engine.Engine: BEGIN (implicit)
2022-05-11 04:18:56,523 [INFO] sqlalchemy.engine.Engine: PRAGMA main.table_info("records")
2022-05-11 04:18:56,523 [INFO] sqlalchemy.engine.Engine: [raw sql] ()
2022-05-11 04:18:56,524 [INFO] sqlalchemy.engine.Engine: PRAGMA temp.table_info("records")
2022-05-11 04:18:56,525 [INFO] sqlalchemy.engine.Engine: [raw sql] ()
2022-05-11 04:18:56,525 [INFO] sqlalchemy.engine.Engine: PRAGMA main.table_info("users")
2022-05-11 04:18:56,525 [INFO] sqlalchemy.engine.Engine: [raw sql] ()
2022-05-11 04:18:56,526 [INFO] sqlalchemy.engine.Engine: PRAGMA temp.table_info("users")
2022-05-11 04:18:56,526 [INFO] sqlalchemy.engine.Engine: [raw sql] ()
2022-05-11 04:18:56,527 [INFO] sqlalchemy.engine.Engine: 
CREATE TABLE users (
	id INTEGER NOT NULL, 
	email VARCHAR(120) NOT NULL, 
	password VARCHAR(300) NOT NULL, 
	balance FLOAT, 
	about VARCHAR(300), 
	authenticated BOOLEAN, 
	registered_on DATETIME, 
	is_active BOOLEAN DEFAULT '1' NOT NULL, 
	is_admin BOOLEAN DEFAULT '0' NOT NULL, 
	PRIMARY KEY (id), 
	UNIQUE (email)
)


2022-05-11 04:18:56,527 [INFO] sqlalchemy.engine.Engine: [no key 0.00038s] ()
2022-05-11 04:18:56,528 [INFO] sqlalchemy.engine.Engine: 
CREATE TABLE records (
	id INTEGER NOT NULL, 
	amount FLOAT, 
	type VARCHAR(100), 
	user_id INTEGER, 
	PRIMARY KEY (id), 
	FOREIGN KEY(user_id) REFERENCES users (id)
)


2022-05-11 04:18:56,528 [INFO] sqlalchemy.engine.Engine: [no key 0.00030s] ()
2022-05-11 04:18:56,529 [INFO] sqlalchemy.engine.Engine: COMMIT
2022-05-11 04:18:56,532 [INFO] sqlalchemy.engine.Engine: BEGIN (implicit)
2022-05-11 04:18:56,533 [INFO] sqlalchemy.engine.Engine: PRAGMA main.table_info("records")
2022-05-11 04:18:56,533 [INFO] sqlalchemy.engine.Engine: [raw sql] ()
2022-05-11 04:18:56,534 [INFO] sqlalchemy.engine.Engine: PRAGMA main.table_info("users")
2022-05-11 04:18:56,534 [INFO] sqlalchemy.engine.Engine: [raw sql] ()
2022-05-11 04:18:56,535 [INFO] sqlalchemy.engine.Engine: COMMIT
2022-05-11 04:18:56,537 [INFO] sqlalchemy.engine.Engine: BEGIN (implicit)
2022-05-11 04:18:56,537 [INFO] sqlalchemy.engine.Engine: PRAGMA main.table_info("records")
2022-05-11 04:18:56,537 [INFO] sqlalchemy.engine.Engine: [raw sql] ()
2022-05-11 04:18:56,538 [INFO] sqlalchemy.engine.Engine: PRAGMA main.table_info("users")
2022-05-11 04:18:56,538 [INFO] sqlalchemy.engine.Engine: [raw sql] ()
2022-05-11 04:18:56,539 [INFO] sqlalchemy.engine.Engine: COMMIT
2022-05-11 04:18:56,691 [INFO] sqlalchemy.engine.Engine: BEGIN (implicit)
2022-05-11 04:18:56,692 [INFO] sqlalchemy.engine.Engine: PRAGMA main.table_info("records")
2022-05-11 04:18:56,692 [INFO] sqlalchemy.engine.Engine: [raw sql] ()
2022-05-11 04:18:56,693 [INFO] sqlalchemy.engine.Engine: PRAGMA temp.table_info("records")
2022-05-11 04:18:56,693 [INFO] sqlalchemy.engine.Engine: [raw sql] ()
2022-05-11 04:18:56,693 [INFO] sqlalchemy.engine.Engine: PRAGMA main.table_info("users")
2022-05-11 04:18:56,693 [INFO] sqlalchemy.engine.Engine: [raw sql] ()
2022-05-11 04:18:56,694 [INFO] sqlalchemy.engine.Engine: PRAGMA temp.table_info("users")
2022-05-11 04:18:56,694 [INFO] sqlalchemy.engine.Engine: [raw sql] ()
2022-05-11 04:18:56,695 [INFO] sqlalchemy.engine.Engine: 
CREATE TABLE users (
	id INTEGER NOT NULL, 
	email VARCHAR(120) NOT NULL, 
	password VARCHAR(300) NOT NULL, 
	balance FLOAT, 
	about VARCHAR(300), 
	authenticated BOOLEAN, 
	registered_on DATETIME, 
	is_active BOOLEAN DEFAULT '1' NOT NULL, 
	is_admin BOOLEAN DEFAULT '0' NOT NULL, 
	PRIMARY KEY (id), 
	UNIQUE (email)
)


2022-05-11 04:18:56,695 [INFO] sqlalchemy.engine.Engine: [no key 0.00023s] ()
2022-05-11 04:18:56,696 [INFO] sqlalchemy.engine.Engine: 
CREATE TABLE records (
	id INTEGER NOT NULL, 
	amount FLOAT, 
	type VARCHAR(100), 
	user_id INTEGER, 
	PRIMARY KEY (id), 
	FOREIGN KEY(user_id) REFERENCES users (id)
)


2022-05-11 04:18:56,696 [INFO] sqlalchemy.engine.Engine: [no key 0.00025s] ()
2022-05-11 04:18:56,696 [INFO] sqlalchemy.engine.Engine: COMMIT
2022-05-11 04:18:56,702 [INFO] sqlalchemy.engine.Engine: BEGIN (implicit)
2022-05-11 04:18:56,704 [INFO] sqlalchemy.engine.Engine: INSERT INTO users (email, password, balance, about, authenticated, registered_on) VALUES (?, ?, ?, ?, ?, ?)
2022-05-11 04:18:56,704 [INFO] sqlalchemy.engine.Engine: [generated in 0.00049s] ('keith@webizly.com', 'testtest', 0.0, None, 0, '2022-05-11 04:18:56.701632')
2022-05-11 04:18:56,705 [INFO] sqlalchemy.engine.Engine: COMMIT
2022-05-11 04:18:56,706 [INFO] sqlalchemy.engine.Engine: BEGIN (implicit)
2022-05-11 04:18:56,708 [INFO] sqlalchemy.engine.Engine: SELECT users.is_active AS users_is_active, users.id AS users_id, users.email AS users_email, users.password AS users_password, users.balance AS users_balance, users.about AS users_about, users.authenticated AS users_authenticated, users.registered_on AS users_registered_on, users.is_admin AS users_is_admin 
FROM users 
WHERE users.id = ?
2022-05-11 04:18:56,708 [INFO] sqlalchemy.engine.Engine: [generated in 0.00035s] (1,)
2022-05-11 04:18:56,712 [INFO] sqlalchemy.engine.Engine: SELECT count(*) AS count_1 
FROM (SELECT users.is_active AS users_is_active, users.id AS users_id, users.email AS users_email, users.password AS users_password, users.balance AS users_balance, users.about AS users_about, users.authenticated AS users_authenticated, users.registered_on AS users_registered_on, users.is_admin AS users_is_admin 
FROM users) AS anon_1
2022-05-11 04:18:56,712 [INFO] sqlalchemy.engine.Engine: [generated in 0.00053s] ()
2022-05-11 04:18:56,717 [INFO] sqlalchemy.engine.Engine: BEGIN (implicit)
2022-05-11 04:18:56,717 [INFO] sqlalchemy.engine.Engine: PRAGMA main.table_info("records")
2022-05-11 04:18:56,718 [INFO] sqlalchemy.engine.Engine: [raw sql] ()
2022-05-11 04:18:56,718 [INFO] sqlalchemy.engine.Engine: PRAGMA main.table_info("users")
2022-05-11 04:18:56,718 [INFO] sqlalchemy.engine.Engine: [raw sql] ()
2022-05-11 04:18:56,719 [INFO] sqlalchemy.engine.Engine: COMMIT
2022-05-11 04:18:56,720 [INFO] sqlalchemy.engine.Engine: BEGIN (implicit)
2022-05-11 04:18:56,720 [INFO] sqlalchemy.engine.Engine: PRAGMA main.table_info("records")
2022-05-11 04:18:56,721 [INFO] sqlalchemy.engine.Engine: [raw sql] ()
2022-05-11 04:18:56,721 [INFO] sqlalchemy.engine.Engine: PRAGMA main.table_info("users")
2022-05-11 04:18:56,721 [INFO] sqlalchemy.engine.Engine: [raw sql] ()
2022-05-11 04:18:56,722 [INFO] sqlalchemy.engine.Engine: COMMIT
2022-05-11 04:18:56,918 [INFO] sqlalchemy.engine.Engine: SELECT records.id AS records_id, records.amount AS records_amount, records.type AS records_type, records.user_id AS records_user_id 
FROM records 
WHERE ? = records.user_id
2022-05-11 04:18:56,919 [INFO] sqlalchemy.engine.Engine: [generated in 0.00064s] (1,)
2022-05-11 04:18:56,921 [INFO] sqlalchemy.engine.Engine: ROLLBACK
2022-05-11 04:18:56,935 [INFO] sqlalchemy.engine.Engine: BEGIN (implicit)
2022-05-11 04:18:56,935 [INFO] sqlalchemy.engine.Engine: PRAGMA main.table_info("records")
2022-05-11 04:18:56,936 [INFO] sqlalchemy.engine.Engine: [raw sql] ()
2022-05-11 04:18:56,936 [INFO] sqlalchemy.engine.Engine: PRAGMA temp.table_info("records")
2022-05-11 04:18:56,937 [INFO] sqlalchemy.engine.Engine: [raw sql] ()
2022-05-11 04:18:56,937 [INFO] sqlalchemy.engine.Engine: PRAGMA main.table_info("users")
2022-05-11 04:18:56,938 [INFO] sqlalchemy.engine.Engine: [raw sql] ()
2022-05-11 04:18:56,938 [INFO] sqlalchemy.engine.Engine: PRAGMA temp.table_info("users")
2022-05-11 04:18:56,939 [INFO] sqlalchemy.engine.Engine: [raw sql] ()
2022-05-11 04:18:56,940 [INFO] sqlalchemy.engine.Engine: 
CREATE TABLE users (
	id INTEGER NOT NULL, 
	email VARCHAR(120) NOT NULL, 
	password VARCHAR(300) NOT NULL, 
	balance FLOAT, 
	about VARCHAR(300), 
	authenticated BOOLEAN, 
	registered_on DATETIME, 
	is_active BOOLEAN DEFAULT '1' NOT NULL, 
	is_admin BOOLEAN DEFAULT '0' NOT NULL, 
	PRIMARY KEY (id), 
	UNIQUE (email)
)


2022-05-11 04:18:56,941 [INFO] sqlalchemy.engine.Engine: [no key 0.00081s] ()
2022-05-11 04:18:56,942 [INFO] sqlalchemy.engine.Engine: 
CREATE TABLE records (
	id INTEGER NOT NULL, 
	amount FLOAT, 
	type VARCHAR(100), 
	user_id INTEGER, 
	PRIMARY KEY (id), 
	FOREIGN KEY(user_id) REFERENCES users (id)
)


2022-05-11 04:18:56,942 [INFO] sqlalchemy.engine.Engine: [no key 0.00040s] ()
2022-05-11 04:18:56,943 [INFO] sqlalchemy.engine.Engine: COMMIT
2022-05-11 04:18:56,944 [INFO] sqlalchemy.engine.Engine: BEGIN (implicit)
2022-05-11 04:18:56,947 [INFO] sqlalchemy.engine.Engine: SELECT count(*) AS count_1 
FROM (SELECT users.is_active AS users_is_active, users.id AS users_id, users.email AS users_email, users.password AS users_password, users.balance AS users_balance, users.about AS users_about, users.authenticated AS users_authenticated, users.registered_on AS users_registered_on, users.is_admin AS users_is_admin 
FROM users) AS anon_1
2022-05-11 04:18:56,947 [INFO] sqlalchemy.engine.Engine: [generated in 0.00057s] ()
2022-05-11 04:18:56,951 [INFO] sqlalchemy.engine.Engine: BEGIN (implicit)
2022-05-11 04:18:56,951 [INFO] sqlalchemy.engine.Engine: PRAGMA main.table_info("records")
2022-05-11 04:18:56,952 [INFO] sqlalchemy.engine.Engine: [raw sql] ()
2022-05-11 04:18:56,952 [INFO] sqlalchemy.engine.Engine: PRAGMA main.table_info("users")
2022-05-11 04:18:56,953 [INFO] sqlalchemy.engine.Engine: [raw sql] ()
2022-05-11 04:18:56,953 [INFO] sqlalchemy.engine.Engine: COMMIT
2022-05-11 04:18:56,955 [INFO] sqlalchemy.engine.Engine: BEGIN (implicit)
2022-05-11 04:18:56,956 [INFO] sqlalchemy.engine.Engine: PRAGMA main.table_info("records")
2022-05-11 04:18:56,956 [INFO] sqlalchemy.engine.Engine: [raw sql] ()
2022-05-11 04:18:56,957 [INFO] sqlalchemy.engine.Engine: PRAGMA main.table_info("users")
2022-05-11 04:18:56,957 [INFO] sqlalchemy.engine.Engine: [raw sql] ()
2022-05-11 04:18:56,957 [INFO] sqlalchemy.engine.Engine: COMMIT
2022-05-11 04:18:56,971 [INFO] sqlalchemy.engine.Engine: ROLLBACK
2022-05-11 04:18:56,983 [INFO] sqlalchemy.engine.Engine: BEGIN (implicit)
2022-05-11 04:18:56,984 [INFO] sqlalchemy.engine.Engine: PRAGMA main.table_info("records")
2022-05-11 04:18:56,984 [INFO] sqlalchemy.engine.Engine: [raw sql] ()
2022-05-11 04:18:56,984 [INFO] sqlalchemy.engine.Engine: PRAGMA temp.table_info("records")
2022-05-11 04:18:56,985 [INFO] sqlalchemy.engine.Engine: [raw sql] ()
2022-05-11 04:18:56,985 [INFO] sqlalchemy.engine.Engine: PRAGMA main.table_info("users")
2022-05-11 04:18:56,986 [INFO] sqlalchemy.engine.Engine: [raw sql] ()
2022-05-11 04:18:56,986 [INFO] sqlalchemy.engine.Engine: PRAGMA temp.table_info("users")
2022-05-11 04:18:56,986 [INFO] sqlalchemy.engine.Engine: [raw sql] ()
2022-05-11 04:18:56,987 [INFO] sqlalchemy.engine.Engine: 
CREATE TABLE users (
	id INTEGER NOT NULL, 
	email VARCHAR(120) NOT NULL, 
	password VARCHAR(300) NOT NULL, 
	balance FLOAT, 
	about VARCHAR(300), 
	authenticated BOOLEAN, 
	registered_on DATETIME, 
	is_active BOOLEAN DEFAULT '1' NOT NULL, 
	is_admin BOOLEAN DEFAULT '0' NOT NULL, 
	PRIMARY KEY (id), 
	UNIQUE (email)
)


2022-05-11 04:18:56,987 [INFO] sqlalchemy.engine.Engine: [no key 0.00036s] ()
2022-05-11 04:18:56,988 [INFO] sqlalchemy.engine.Engine: 
CREATE TABLE records (
	id INTEGER NOT NULL, 
	amount FLOAT, 
	type VARCHAR(100), 
	user_id INTEGER, 
	PRIMARY KEY (id), 
	FOREIGN KEY(user_id) REFERENCES users (id)
)


2022-05-11 04:18:56,988 [INFO] sqlalchemy.engine.Engine: [no key 0.00036s] ()
2022-05-11 04:18:56,989 [INFO] sqlalchemy.engine.Engine: COMMIT
